12:06:22.375 [main] INFO  - Timeout Waiting for element :
12:09:01.202 [main] INFO  - Timeout Waiting for element :
16:56:21.267 [main] INFO  -  Before Driver is initialize in the hooks..........
16:56:21.269 [main] INFO  - Driver initialized in Hooks successfully: ChromeDriver: chrome on windows (d04e1e5825afbd71c28e12a783710311)
16:56:21.270 [main] INFO  - App URL From Propertieshttps://www.demoblaze.com/index.html
16:56:22.708 [main] INFO  -  Navigating to URL .........
16:56:22.766 [main] INFO  -  Before hooks setup completed..........
16:56:22.921 [main] INFO  - The Page is loaded completely and Logo is displayed true
17:09:07.068 [main] INFO  -  Before Driver is initialize in the hooks..........
17:09:07.070 [main] INFO  - Driver initialized in Hooks successfully: ChromeDriver: chrome on windows (06c7d532def9076786ad7e6d0e23c544)
17:09:07.071 [main] INFO  - App URL From Propertieshttps://www.demoblaze.com/index.html
17:09:08.553 [main] INFO  -  Navigating to URL .........
17:09:08.636 [main] INFO  -  Before hooks setup completed..........
17:09:08.806 [main] INFO  - The Page is loaded completely and Logo is displayed true
18:03:19.237 [main] INFO  -  Before Driver is initialize in the hooks..........
18:03:19.240 [main] INFO  - Driver initialized in Hooks successfully: ChromeDriver: chrome on windows (5f6302f47bb1bb2e7a4e7684ac644c59)
18:03:19.240 [main] INFO  - App URL From Propertieshttps://www.demoblaze.com/index.html
18:03:19.698 [main] INFO  -  Navigating to URL .........
18:03:20.681 [main] INFO  -  Before hooks setup completed..........
18:04:02.152 [main] INFO  -  Before Driver is initialize in the hooks..........
18:04:02.154 [main] INFO  - Driver initialized in Hooks successfully: ChromeDriver: chrome on windows (308f981921184e90b5d80ed9b3e1fa33)
18:04:02.154 [main] INFO  - App URL From Propertieshttps://www.demoblaze.com/index.html
18:04:03.492 [main] INFO  -  Navigating to URL .........
18:04:03.526 [main] INFO  -  Before hooks setup completed..........
18:04:03.720 [main] INFO  - The Page is loaded completely and Logo is displayed true
09:19:40.488 [main] INFO  -  Before Driver is initialize in the hooks..........
09:19:40.490 [main] INFO  - Driver initialized in Hooks successfully: ChromeDriver: chrome on windows (1912f6e7a6f6d3d4472ad549e97dec93)
09:19:40.490 [main] INFO  - App URL From Propertieshttps://www.demoblaze.com/index.html
09:19:41.854 [main] INFO  -  Navigating to URL .........
09:19:41.956 [main] INFO  -  Before hooks setup completed..........
09:19:42.126 [main] INFO  - The Page is loaded completely and Logo is displayed true
09:44:31.868 [main] INFO  -  Before Driver is initialize in the hooks..........
09:44:31.868 [main] INFO  - Driver initialized in Hooks successfully: ChromeDriver: chrome on windows (e7ff6f87cd6286ab346fdf326326272d)
09:44:31.868 [main] INFO  - App URL From Propertieshttps://www.demoblaze.com/index.html
09:44:33.254 [main] INFO  -  Navigating to URL .........
09:44:33.329 [main] INFO  -  Before hooks setup completed..........
09:44:33.512 [main] INFO  - The Page is loaded completely and Logo is displayed true
09:44:38.240 [main] INFO  -  Before Driver is initialize in the hooks..........
09:44:38.241 [main] INFO  - Driver initialized in Hooks successfully: ChromeDriver: chrome on windows (95d87398ee7debdebae91988509c9078)
09:44:38.241 [main] INFO  - App URL From Propertieshttps://www.demoblaze.com/index.html
09:44:39.517 [main] INFO  -  Navigating to URL .........
09:44:39.563 [main] INFO  -  Before hooks setup completed..........
09:44:39.659 [main] INFO  - The Page is loaded completely and Logo is displayed true
09:46:54.213 [main] INFO  -  Before Driver is initialize in the hooks..........
09:46:54.216 [main] INFO  - Driver initialized in Hooks successfully: ChromeDriver: chrome on windows (07958d645e02adebba01f92e1a63e4cb)
09:46:54.216 [main] INFO  - App URL From Propertieshttps://www.demoblaze.com/index.html
09:46:55.911 [main] INFO  -  Navigating to URL .........
09:46:55.986 [main] INFO  -  Before hooks setup completed..........
09:46:56.187 [main] INFO  - The Page is loaded completely and Logo is displayed true
09:47:01.778 [main] INFO  -  Before Driver is initialize in the hooks..........
09:47:01.778 [main] INFO  - Driver initialized in Hooks successfully: ChromeDriver: chrome on windows (05f5b9d7c42e81198aed2ce724a5d868)
09:47:01.778 [main] INFO  - App URL From Propertieshttps://www.demoblaze.com/index.html
09:47:03.321 [main] INFO  -  Navigating to URL .........
09:47:03.382 [main] INFO  -  Before hooks setup completed..........
09:47:03.479 [main] INFO  - The Page is loaded completely and Logo is displayed true
09:53:02.398 [main] INFO  -  Before Driver is initialize in the hooks..........
09:53:02.400 [main] INFO  - Driver initialized in Hooks successfully: ChromeDriver: chrome on windows (f2b887a119d7b4e53c26cc3acaa58698)
09:53:02.400 [main] INFO  - App URL From Propertieshttps://www.demoblaze.com/index.html
09:53:03.742 [main] INFO  -  Navigating to URL .........
09:53:03.854 [main] INFO  -  Before hooks setup completed..........
09:53:04.085 [main] INFO  - The Page is loaded completely and Logo is displayed true
09:53:08.691 [main] INFO  -  Before Driver is initialize in the hooks..........
09:53:08.691 [main] INFO  - Driver initialized in Hooks successfully: ChromeDriver: chrome on windows (ca855e543e721e41c51d6491a78a6089)
09:53:08.691 [main] INFO  - App URL From Propertieshttps://www.demoblaze.com/index.html
09:53:09.906 [main] INFO  -  Navigating to URL .........
09:53:09.978 [main] INFO  -  Before hooks setup completed..........
09:53:10.064 [main] INFO  - The Page is loaded completely and Logo is displayed true
10:17:24.328 [main] INFO  -  Before Driver is initialize in the hooks..........
10:17:24.331 [main] INFO  - Driver initialized in Hooks successfully: ChromeDriver: chrome on windows (fb302b31e6d62fffcb563d0f4a725904)
10:17:24.331 [main] INFO  - App URL From Propertieshttps://www.demoblaze.com/index.html
10:17:25.704 [main] INFO  -  Navigating to URL .........
10:17:25.758 [main] INFO  -  Before hooks setup completed..........
10:17:25.951 [main] INFO  - The Page is loaded completely and Logo is displayed true
10:17:30.445 [main] INFO  -  Before Driver is initialize in the hooks..........
10:17:30.445 [main] INFO  - Driver initialized in Hooks successfully: ChromeDriver: chrome on windows (28dd6f7f70c9c111fdb6b83dc77e3a59)
10:17:30.445 [main] INFO  - App URL From Propertieshttps://www.demoblaze.com/index.html
10:17:31.640 [main] INFO  -  Navigating to URL .........
10:17:31.672 [main] INFO  -  Before hooks setup completed..........
10:17:31.791 [main] INFO  - The Page is loaded completely and Logo is displayed true
10:17:35.072 [main] INFO  -  Before Driver is initialize in the hooks..........
10:17:35.072 [main] INFO  - Driver initialized in Hooks successfully: ChromeDriver: chrome on windows (653438d81ec848da61e4d762979846cf)
10:17:35.072 [main] INFO  - App URL From Propertieshttps://www.demoblaze.com/index.html
10:17:36.207 [main] INFO  -  Navigating to URL .........
10:17:36.233 [main] INFO  -  Before hooks setup completed..........
10:17:36.296 [main] INFO  - The Page is loaded completely and Logo is displayed true
10:17:40.271 [main] INFO  -  Before Driver is initialize in the hooks..........
10:17:40.271 [main] INFO  - Driver initialized in Hooks successfully: ChromeDriver: chrome on windows (dde006759d20f00ca6b746200c04792d)
10:17:40.271 [main] INFO  - App URL From Propertieshttps://www.demoblaze.com/index.html
10:17:41.521 [main] INFO  -  Navigating to URL .........
10:17:41.562 [main] INFO  -  Before hooks setup completed..........
10:17:41.695 [main] INFO  - The Page is loaded completely and Logo is displayed true
10:17:45.418 [main] INFO  -  Before Driver is initialize in the hooks..........
10:17:45.418 [main] INFO  - Driver initialized in Hooks successfully: ChromeDriver: chrome on windows (57c2fc7482d0ab1a0f875ca3fb5b5d5e)
10:17:45.418 [main] INFO  - App URL From Propertieshttps://www.demoblaze.com/index.html
10:17:46.615 [main] INFO  -  Navigating to URL .........
10:17:46.685 [main] INFO  -  Before hooks setup completed..........
10:17:46.778 [main] INFO  - The Page is loaded completely and Logo is displayed true
10:38:31.586 [main] INFO  -  Before Driver is initialize in the hooks..........
10:38:31.586 [main] INFO  - Driver initialized in Hooks successfully: ChromeDriver: chrome on windows (6a4e407739360497153c7f64bf7efa62)
10:38:31.586 [main] INFO  - App URL From Propertieshttps://www.demoblaze.com/index.html
10:38:32.770 [main] INFO  -  Navigating to URL .........
10:38:32.850 [main] INFO  -  Before hooks setup completed..........
10:38:33.035 [main] INFO  - The Page is loaded completely and Logo is displayed true
10:38:38.272 [main] INFO  -  Before Driver is initialize in the hooks..........
10:38:38.272 [main] INFO  - Driver initialized in Hooks successfully: ChromeDriver: chrome on windows (43a68d42af9ecd82d17108ac1e0b777f)
10:38:38.272 [main] INFO  - App URL From Propertieshttps://www.demoblaze.com/index.html
10:38:39.261 [main] INFO  -  Navigating to URL .........
10:38:39.308 [main] INFO  -  Before hooks setup completed..........
10:38:39.442 [main] INFO  - The Page is loaded completely and Logo is displayed true
10:38:43.260 [main] INFO  -  Before Driver is initialize in the hooks..........
10:38:43.260 [main] INFO  - Driver initialized in Hooks successfully: ChromeDriver: chrome on windows (bec6304ce77f984964ca281a76081db6)
10:38:43.260 [main] INFO  - App URL From Propertieshttps://www.demoblaze.com/index.html
10:38:44.458 [main] INFO  -  Navigating to URL .........
10:38:44.495 [main] INFO  -  Before hooks setup completed..........
10:38:44.616 [main] INFO  - The Page is loaded completely and Logo is displayed true
10:38:48.843 [main] INFO  -  Before Driver is initialize in the hooks..........
10:38:48.843 [main] INFO  - Driver initialized in Hooks successfully: ChromeDriver: chrome on windows (70289b56c404f5aeb2c88c42296ccae3)
10:38:48.843 [main] INFO  - App URL From Propertieshttps://www.demoblaze.com/index.html
10:38:49.990 [main] INFO  -  Navigating to URL .........
10:38:50.028 [main] INFO  -  Before hooks setup completed..........
10:38:50.152 [main] INFO  - The Page is loaded completely and Logo is displayed true
10:38:54.208 [main] INFO  -  Before Driver is initialize in the hooks..........
10:38:54.208 [main] INFO  - Driver initialized in Hooks successfully: ChromeDriver: chrome on windows (4d396a6c8d43e8c7b9f21521f58025ac)
10:38:54.209 [main] INFO  - App URL From Propertieshttps://www.demoblaze.com/index.html
10:38:55.578 [main] INFO  -  Navigating to URL .........
10:38:55.634 [main] INFO  -  Before hooks setup completed..........
10:38:55.736 [main] INFO  - The Page is loaded completely and Logo is displayed true
10:47:48.144 [main] INFO  -  Before Driver is initialize in the hooks..........
10:47:48.146 [main] INFO  - Driver initialized in Hooks successfully: ChromeDriver: chrome on windows (f138df784af8b48694e2818316046519)
10:47:48.146 [main] INFO  - App URL From Propertieshttps://www.demoblaze.com/index.html
10:47:49.525 [main] INFO  -  Navigating to URL .........
10:47:49.596 [main] INFO  -  Before hooks setup completed..........
10:47:49.783 [main] INFO  - The Page is loaded completely and Logo is displayed true
10:47:55.004 [main] INFO  -  Before Driver is initialize in the hooks..........
10:47:55.005 [main] INFO  - Driver initialized in Hooks successfully: ChromeDriver: chrome on windows (8d65ec2f8c3df8e7f79ea899c1b7493b)
10:47:55.005 [main] INFO  - App URL From Propertieshttps://www.demoblaze.com/index.html
10:47:55.995 [main] INFO  -  Navigating to URL .........
10:47:56.029 [main] INFO  -  Before hooks setup completed..........
10:47:56.173 [main] INFO  - The Page is loaded completely and Logo is displayed true
10:47:59.892 [main] INFO  -  Before Driver is initialize in the hooks..........
10:47:59.892 [main] INFO  - Driver initialized in Hooks successfully: ChromeDriver: chrome on windows (eb3d4cd5c58fea98cf5f0fab1c6137ec)
10:47:59.892 [main] INFO  - App URL From Propertieshttps://www.demoblaze.com/index.html
10:48:01.282 [main] INFO  -  Navigating to URL .........
10:48:01.332 [main] INFO  -  Before hooks setup completed..........
10:48:01.413 [main] INFO  - The Page is loaded completely and Logo is displayed true
10:48:05.367 [main] INFO  -  Before Driver is initialize in the hooks..........
10:48:05.367 [main] INFO  - Driver initialized in Hooks successfully: ChromeDriver: chrome on windows (baf0307973dcced5c753e2cf1650e44b)
10:48:05.367 [main] INFO  - App URL From Propertieshttps://www.demoblaze.com/index.html
10:48:06.561 [main] INFO  -  Navigating to URL .........
10:48:06.594 [main] INFO  -  Before hooks setup completed..........
10:48:06.674 [main] INFO  - The Page is loaded completely and Logo is displayed true
10:48:10.678 [main] INFO  -  Before Driver is initialize in the hooks..........
10:48:10.678 [main] INFO  - Driver initialized in Hooks successfully: ChromeDriver: chrome on windows (a60d5bb48705f7ce83cbf30949bc05c8)
10:48:10.678 [main] INFO  - App URL From Propertieshttps://www.demoblaze.com/index.html
10:48:11.992 [main] INFO  -  Navigating to URL .........
10:48:12.026 [main] INFO  -  Before hooks setup completed..........
10:48:12.099 [main] INFO  - The Page is loaded completely and Logo is displayed true
10:48:55.576 [main] INFO  -  Before Driver is initialize in the hooks..........
10:48:55.578 [main] INFO  - Driver initialized in Hooks successfully: ChromeDriver: chrome on windows (44999840f1a8904808703670cafebe7f)
10:48:55.578 [main] INFO  - App URL From Propertieshttps://www.demoblaze.com/index.html
10:48:56.975 [main] INFO  -  Navigating to URL .........
10:48:57.050 [main] INFO  -  Before hooks setup completed..........
10:48:57.237 [main] INFO  - The Page is loaded completely and Logo is displayed true
10:49:03.466 [main] INFO  -  Before Driver is initialize in the hooks..........
10:49:03.467 [main] INFO  - Driver initialized in Hooks successfully: ChromeDriver: chrome on windows (422e4913c4d7ba724d8e0ad60ce96281)
10:49:03.467 [main] INFO  - App URL From Propertieshttps://www.demoblaze.com/index.html
10:49:03.891 [main] INFO  -  Navigating to URL .........
10:49:04.796 [main] INFO  -  Before hooks setup completed..........
10:49:04.896 [main] INFO  - The Page is loaded completely and Logo is displayed true
10:49:08.539 [main] INFO  -  Before Driver is initialize in the hooks..........
10:49:08.539 [main] INFO  - Driver initialized in Hooks successfully: ChromeDriver: chrome on windows (c43ac4470476d63b79f7e3349ca9704f)
10:49:08.539 [main] INFO  - App URL From Propertieshttps://www.demoblaze.com/index.html
10:49:09.904 [main] INFO  -  Navigating to URL .........
10:49:09.954 [main] INFO  -  Before hooks setup completed..........
10:49:10.043 [main] INFO  - The Page is loaded completely and Logo is displayed true
10:49:13.885 [main] INFO  -  Before Driver is initialize in the hooks..........
10:49:13.885 [main] INFO  - Driver initialized in Hooks successfully: ChromeDriver: chrome on windows (6f1a49ae3fec32c396e4a2d0af93921c)
10:49:13.885 [main] INFO  - App URL From Propertieshttps://www.demoblaze.com/index.html
10:49:15.136 [main] INFO  -  Navigating to URL .........
10:49:15.171 [main] INFO  -  Before hooks setup completed..........
10:49:15.293 [main] INFO  - The Page is loaded completely and Logo is displayed true
10:49:18.932 [main] INFO  -  Before Driver is initialize in the hooks..........
10:49:18.932 [main] INFO  - Driver initialized in Hooks successfully: ChromeDriver: chrome on windows (7f7523cd6e1fff15de5462119fe6a361)
10:49:18.932 [main] INFO  - App URL From Propertieshttps://www.demoblaze.com/index.html
10:49:20.082 [main] INFO  -  Navigating to URL .........
10:49:20.117 [main] INFO  -  Before hooks setup completed..........
10:49:20.180 [main] INFO  - The Page is loaded completely and Logo is displayed true
11:37:43.862 [main] INFO  -  Before Driver is initialize in the hooks..........
11:37:43.865 [main] INFO  - Driver initialized in Hooks successfully: ChromeDriver: chrome on windows (368215f0968d2cb87e982f78e7e7d223)
11:37:43.865 [main] INFO  - App URL From Propertieshttps://www.demoblaze.com/index.html
11:37:45.220 [main] INFO  -  Navigating to URL .........
11:37:45.289 [main] INFO  -  Before hooks setup completed..........
11:37:45.526 [main] INFO  - The Page is loaded completely and Logo is displayed true
11:37:56.813 [main] INFO  -  Before Driver is initialize in the hooks..........
11:37:56.813 [main] INFO  - Driver initialized in Hooks successfully: ChromeDriver: chrome on windows (9a840311319e782466dba306a6f7d324)
11:37:56.813 [main] INFO  - App URL From Propertieshttps://www.demoblaze.com/index.html
11:37:58.121 [main] INFO  -  Navigating to URL .........
11:37:58.196 [main] INFO  -  Before hooks setup completed..........
11:37:58.321 [main] INFO  - The Page is loaded completely and Logo is displayed true
11:38:04.970 [main] INFO  -  Before Driver is initialize in the hooks..........
11:38:04.971 [main] INFO  - Driver initialized in Hooks successfully: ChromeDriver: chrome on windows (f579e9ed53afcb2cc4da7dfbd16abac2)
11:38:04.971 [main] INFO  - App URL From Propertieshttps://www.demoblaze.com/index.html
11:38:06.196 [main] INFO  -  Navigating to URL .........
11:38:06.237 [main] INFO  -  Before hooks setup completed..........
11:38:06.300 [main] INFO  - The Page is loaded completely and Logo is displayed true
11:38:12.230 [main] INFO  -  Before Driver is initialize in the hooks..........
11:38:12.230 [main] INFO  - Driver initialized in Hooks successfully: ChromeDriver: chrome on windows (5100172d4c85bdcf2bc002e0bf8bc02f)
11:38:12.231 [main] INFO  - App URL From Propertieshttps://www.demoblaze.com/index.html
11:38:13.751 [main] INFO  -  Navigating to URL .........
11:38:13.797 [main] INFO  -  Before hooks setup completed..........
11:38:13.899 [main] INFO  - The Page is loaded completely and Logo is displayed true
11:38:18.968 [main] INFO  -  Before Driver is initialize in the hooks..........
11:38:18.968 [main] INFO  - Driver initialized in Hooks successfully: ChromeDriver: chrome on windows (d2b4a1867a1c52251bcc758f56bcab32)
11:38:18.968 [main] INFO  - App URL From Propertieshttps://www.demoblaze.com/index.html
11:38:20.209 [main] INFO  -  Navigating to URL .........
11:38:20.280 [main] INFO  -  Before hooks setup completed..........
11:38:20.374 [main] INFO  - The Page is loaded completely and Logo is displayed true
11:38:22.664 [main] INFO  -  Before Driver is initialize in the hooks..........
11:38:22.664 [main] INFO  - Driver initialized in Hooks successfully: ChromeDriver: chrome on windows (8aa5727a64e9fa77eb119f39a0f473a9)
11:38:22.664 [main] INFO  - App URL From Propertieshttps://www.demoblaze.com/index.html
11:38:23.660 [main] INFO  -  Navigating to URL .........
11:38:23.704 [main] INFO  -  Before hooks setup completed..........
11:38:23.799 [main] INFO  - The Page is loaded completely and Logo is displayed true
11:40:32.723 [main] INFO  -  Before Driver is initialize in the hooks..........
11:40:32.725 [main] INFO  - Driver initialized in Hooks successfully: ChromeDriver: chrome on windows (89ba06e9a7a41cce4a75706105330557)
11:40:32.725 [main] INFO  - App URL From Propertieshttps://www.demoblaze.com/index.html
11:40:34.108 [main] INFO  -  Navigating to URL .........
11:40:34.207 [main] INFO  -  Before hooks setup completed..........
11:40:34.416 [main] INFO  - The Page is loaded completely and Logo is displayed true
11:40:38.956 [main] INFO  -  Before Driver is initialize in the hooks..........
11:40:38.956 [main] INFO  - Driver initialized in Hooks successfully: ChromeDriver: chrome on windows (a59fd394afcdec31b04a2b7b5cea40f6)
11:40:38.956 [main] INFO  - App URL From Propertieshttps://www.demoblaze.com/index.html
11:40:40.364 [main] INFO  -  Navigating to URL .........
11:40:40.455 [main] INFO  -  Before hooks setup completed..........
11:40:40.547 [main] INFO  - The Page is loaded completely and Logo is displayed true
11:40:44.216 [main] INFO  -  Before Driver is initialize in the hooks..........
11:40:44.216 [main] INFO  - Driver initialized in Hooks successfully: ChromeDriver: chrome on windows (510909f29858534635d94daed400cab5)
11:40:44.216 [main] INFO  - App URL From Propertieshttps://www.demoblaze.com/index.html
11:40:45.563 [main] INFO  -  Navigating to URL .........
11:40:45.671 [main] INFO  -  Before hooks setup completed..........
11:40:45.781 [main] INFO  - The Page is loaded completely and Logo is displayed true
11:40:49.567 [main] INFO  -  Before Driver is initialize in the hooks..........
11:40:49.567 [main] INFO  - Driver initialized in Hooks successfully: ChromeDriver: chrome on windows (347206bd3705bbd603f39e92713a8ff8)
11:40:49.568 [main] INFO  - App URL From Propertieshttps://www.demoblaze.com/index.html
11:40:50.842 [main] INFO  -  Navigating to URL .........
11:40:50.872 [main] INFO  -  Before hooks setup completed..........
11:40:50.950 [main] INFO  - The Page is loaded completely and Logo is displayed true
11:40:54.624 [main] INFO  -  Before Driver is initialize in the hooks..........
11:40:54.625 [main] INFO  - Driver initialized in Hooks successfully: ChromeDriver: chrome on windows (fe6d0960b36470d8a757990593c1c8e6)
11:40:54.625 [main] INFO  - App URL From Propertieshttps://www.demoblaze.com/index.html
11:40:55.983 [main] INFO  -  Navigating to URL .........
11:40:56.037 [main] INFO  -  Before hooks setup completed..........
11:40:56.103 [main] INFO  - The Page is loaded completely and Logo is displayed true
11:40:58.716 [main] INFO  -  Before Driver is initialize in the hooks..........
11:40:58.716 [main] INFO  - Driver initialized in Hooks successfully: ChromeDriver: chrome on windows (751f40a770139df33282eb8b09c1c2e9)
11:40:58.716 [main] INFO  - App URL From Propertieshttps://www.demoblaze.com/index.html
11:40:59.697 [main] INFO  -  Navigating to URL .........
11:40:59.736 [main] INFO  -  Before hooks setup completed..........
11:40:59.804 [main] INFO  - The Page is loaded completely and Logo is displayed true
11:55:09.320 [main] INFO  -  Before Driver is initialize in the hooks..........
11:55:09.336 [main] INFO  - Driver initialized in Hooks successfully: ChromeDriver: chrome on windows (ec7972680773cc3cd43955b218e5892d)
11:55:09.336 [main] INFO  - App URL From Propertieshttps://www.demoblaze.com/index.html
11:55:10.713 [main] INFO  -  Navigating to URL .........
11:55:10.749 [main] INFO  -  Before hooks setup completed..........
11:55:10.929 [main] INFO  - The Page is loaded completely and Logo is displayed true
11:55:16.825 [main] INFO  -  Before Driver is initialize in the hooks..........
11:55:16.825 [main] INFO  - Driver initialized in Hooks successfully: ChromeDriver: chrome on windows (7e088b1583b141df14521f3fb18a7e74)
11:55:16.825 [main] INFO  - App URL From Propertieshttps://www.demoblaze.com/index.html
11:55:18.174 [main] INFO  -  Navigating to URL .........
11:55:18.210 [main] INFO  -  Before hooks setup completed..........
11:55:18.321 [main] INFO  - The Page is loaded completely and Logo is displayed true
11:55:22.078 [main] INFO  -  Before Driver is initialize in the hooks..........
11:55:22.078 [main] INFO  - Driver initialized in Hooks successfully: ChromeDriver: chrome on windows (c12f9ada08bd69d442ae62ca94d923fd)
11:55:22.078 [main] INFO  - App URL From Propertieshttps://www.demoblaze.com/index.html
11:55:23.245 [main] INFO  -  Navigating to URL .........
11:55:23.283 [main] INFO  -  Before hooks setup completed..........
11:55:23.360 [main] INFO  - The Page is loaded completely and Logo is displayed true
11:55:27.274 [main] INFO  -  Before Driver is initialize in the hooks..........
11:55:27.274 [main] INFO  - Driver initialized in Hooks successfully: ChromeDriver: chrome on windows (1e4cf47e462e2fcd2735c8a15bf2d247)
11:55:27.274 [main] INFO  - App URL From Propertieshttps://www.demoblaze.com/index.html
11:55:28.694 [main] INFO  -  Navigating to URL .........
11:55:28.733 [main] INFO  -  Before hooks setup completed..........
11:55:28.854 [main] INFO  - The Page is loaded completely and Logo is displayed true
11:55:32.829 [main] INFO  -  Before Driver is initialize in the hooks..........
11:55:32.829 [main] INFO  - Driver initialized in Hooks successfully: ChromeDriver: chrome on windows (19bf58a8a245d62a07ab5e7225c345c4)
11:55:32.829 [main] INFO  - App URL From Propertieshttps://www.demoblaze.com/index.html
11:55:34.192 [main] INFO  -  Navigating to URL .........
11:55:34.231 [main] INFO  -  Before hooks setup completed..........
11:55:34.355 [main] INFO  - The Page is loaded completely and Logo is displayed true
11:55:37.342 [main] INFO  -  Before Driver is initialize in the hooks..........
11:55:37.342 [main] INFO  - Driver initialized in Hooks successfully: ChromeDriver: chrome on windows (b7a4a2bfef0a13960e7515239d345e18)
11:55:37.342 [main] INFO  - App URL From Propertieshttps://www.demoblaze.com/index.html
11:55:38.611 [main] INFO  -  Navigating to URL .........
11:55:38.643 [main] INFO  -  Before hooks setup completed..........
11:55:38.727 [main] INFO  - The Page is loaded completely and Logo is displayed true
12:04:03.513 [main] INFO  -  Before Driver is initialize in the hooks..........
12:04:03.516 [main] INFO  - Driver initialized in Hooks successfully: ChromeDriver: chrome on windows (e8f5fed29ec48cc4196269ce5348ac8e)
12:04:03.516 [main] INFO  - App URL From Propertieshttps://www.demoblaze.com/index.html
12:04:04.873 [main] INFO  -  Navigating to URL .........
12:04:04.956 [main] INFO  -  Before hooks setup completed..........
12:04:05.129 [main] INFO  - The Page is loaded completely and Logo is displayed true
12:04:09.847 [main] INFO  -  Before Driver is initialize in the hooks..........
12:04:09.848 [main] INFO  - Driver initialized in Hooks successfully: ChromeDriver: chrome on windows (32d0aa35f817981e41c9835fb7063f3a)
12:04:09.848 [main] INFO  - App URL From Propertieshttps://www.demoblaze.com/index.html
12:04:11.246 [main] INFO  -  Navigating to URL .........
12:04:11.282 [main] INFO  -  Before hooks setup completed..........
12:04:11.405 [main] INFO  - The Page is loaded completely and Logo is displayed true
12:04:14.815 [main] INFO  -  Before Driver is initialize in the hooks..........
12:04:14.815 [main] INFO  - Driver initialized in Hooks successfully: ChromeDriver: chrome on windows (e89b367a1b898c6b1dfed0c099be13fc)
12:04:14.815 [main] INFO  - App URL From Propertieshttps://www.demoblaze.com/index.html
12:04:15.260 [main] INFO  -  Navigating to URL .........
12:04:16.145 [main] INFO  -  Before hooks setup completed..........
12:04:16.198 [main] INFO  - The Page is loaded completely and Logo is displayed true
12:04:19.364 [main] INFO  -  Before Driver is initialize in the hooks..........
12:04:19.364 [main] INFO  - Driver initialized in Hooks successfully: ChromeDriver: chrome on windows (6d0f40c2e32db55f101ef09d55db0e6d)
12:04:19.364 [main] INFO  - App URL From Propertieshttps://www.demoblaze.com/index.html
12:04:20.132 [main] INFO  -  Navigating to URL .........
12:04:20.185 [main] INFO  -  Before hooks setup completed..........
12:04:20.332 [main] INFO  - The Page is loaded completely and Logo is displayed true
12:04:23.547 [main] INFO  -  Before Driver is initialize in the hooks..........
12:04:23.547 [main] INFO  - Driver initialized in Hooks successfully: ChromeDriver: chrome on windows (334455063dfc34aeeb85ff2f9e8ae5e7)
12:04:23.547 [main] INFO  - App URL From Propertieshttps://www.demoblaze.com/index.html
12:04:24.760 [main] INFO  -  Navigating to URL .........
12:04:24.833 [main] INFO  -  Before hooks setup completed..........
12:04:24.920 [main] INFO  - The Page is loaded completely and Logo is displayed true
12:04:27.257 [main] INFO  -  Before Driver is initialize in the hooks..........
12:04:27.257 [main] INFO  - Driver initialized in Hooks successfully: ChromeDriver: chrome on windows (1003185f0657cf33ede7d884e55dd616)
12:04:27.257 [main] INFO  - App URL From Propertieshttps://www.demoblaze.com/index.html
12:04:27.726 [main] INFO  -  Navigating to URL .........
12:04:28.462 [main] INFO  -  Before hooks setup completed..........
12:04:28.510 [main] INFO  - The Page is loaded completely and Logo is displayed true
12:30:02.912 [main] INFO  -  Before Driver is initialize in the hooks..........
12:30:02.912 [main] INFO  - Driver initialized in Hooks successfully: ChromeDriver: chrome on windows (35976fcf4eb5444c69f9dd4e51dd2b82)
12:30:02.912 [main] INFO  - App URL From Propertieshttps://www.demoblaze.com/index.html
12:30:04.102 [main] INFO  -  Navigating to URL .........
12:30:04.138 [main] INFO  -  Before hooks setup completed..........
12:30:04.311 [main] INFO  - The Page is loaded completely and Logo is displayed true
12:30:09.974 [main] INFO  -  Before Driver is initialize in the hooks..........
12:30:09.974 [main] INFO  - Driver initialized in Hooks successfully: ChromeDriver: chrome on windows (41e1edc5245f9d296eff48316396cb87)
12:30:09.974 [main] INFO  - App URL From Propertieshttps://www.demoblaze.com/index.html
12:30:11.202 [main] INFO  -  Navigating to URL .........
12:30:11.271 [main] INFO  -  Before hooks setup completed..........
12:30:11.373 [main] INFO  - The Page is loaded completely and Logo is displayed true
12:30:14.907 [main] INFO  -  Before Driver is initialize in the hooks..........
12:30:14.907 [main] INFO  - Driver initialized in Hooks successfully: ChromeDriver: chrome on windows (4c0be9ca1536381ad0ac64d4a2f5071b)
12:30:14.908 [main] INFO  - App URL From Propertieshttps://www.demoblaze.com/index.html
12:30:16.040 [main] INFO  -  Navigating to URL .........
12:30:16.112 [main] INFO  -  Before hooks setup completed..........
12:30:16.204 [main] INFO  - The Page is loaded completely and Logo is displayed true
12:30:19.848 [main] INFO  -  Before Driver is initialize in the hooks..........
12:30:19.848 [main] INFO  - Driver initialized in Hooks successfully: ChromeDriver: chrome on windows (101a0aa954b56085deb28d553ad54e63)
12:30:19.848 [main] INFO  - App URL From Propertieshttps://www.demoblaze.com/index.html
12:30:21.118 [main] INFO  -  Navigating to URL .........
12:30:21.176 [main] INFO  -  Before hooks setup completed..........
12:30:21.259 [main] INFO  - The Page is loaded completely and Logo is displayed true
12:30:24.886 [main] INFO  -  Before Driver is initialize in the hooks..........
12:30:24.886 [main] INFO  - Driver initialized in Hooks successfully: ChromeDriver: chrome on windows (57ca4b10054d85eb95692205fded4ee3)
12:30:24.886 [main] INFO  - App URL From Propertieshttps://www.demoblaze.com/index.html
12:30:25.114 [main] INFO  -  Navigating to URL .........
12:30:25.860 [main] INFO  -  Before hooks setup completed..........
12:30:25.911 [main] INFO  - The Page is loaded completely and Logo is displayed true
12:30:28.305 [main] INFO  -  Before Driver is initialize in the hooks..........
12:30:28.305 [main] INFO  - Driver initialized in Hooks successfully: ChromeDriver: chrome on windows (8c0a8db58c52b8a033c42af6c9f11d0c)
12:30:28.305 [main] INFO  - App URL From Propertieshttps://www.demoblaze.com/index.html
12:30:28.764 [main] INFO  -  Navigating to URL .........
12:30:29.546 [main] INFO  -  Before hooks setup completed..........
12:30:29.596 [main] INFO  - The Page is loaded completely and Logo is displayed true
12:31:43.186 [main] INFO  -  Before Driver is initialize in the hooks..........
12:31:43.188 [main] INFO  - Driver initialized in Hooks successfully: ChromeDriver: chrome on windows (fc86488a0906187b12085c276c98997c)
12:31:43.188 [main] INFO  - App URL From Propertieshttps://www.demoblaze.com/index.html
12:31:44.642 [main] INFO  -  Navigating to URL .........
12:31:44.726 [main] INFO  -  Before hooks setup completed..........
12:31:44.891 [main] INFO  - The Page is loaded completely and Logo is displayed true
12:31:48.828 [main] INFO  -  Before Driver is initialize in the hooks..........
12:31:48.828 [main] INFO  - Driver initialized in Hooks successfully: ChromeDriver: chrome on windows (ff9e847fa0716f248f359c9734cf5733)
12:31:48.828 [main] INFO  - App URL From Propertieshttps://www.demoblaze.com/index.html
12:31:50.107 [main] INFO  -  Navigating to URL .........
12:31:50.144 [main] INFO  -  Before hooks setup completed..........
12:31:50.226 [main] INFO  - The Page is loaded completely and Logo is displayed true
12:31:53.723 [main] INFO  -  Before Driver is initialize in the hooks..........
12:31:53.723 [main] INFO  - Driver initialized in Hooks successfully: ChromeDriver: chrome on windows (cd87f4a880f604c390a3094dc48fa213)
12:31:53.723 [main] INFO  - App URL From Propertieshttps://www.demoblaze.com/index.html
12:31:54.904 [main] INFO  -  Navigating to URL .........
12:31:54.938 [main] INFO  -  Before hooks setup completed..........
12:31:55.005 [main] INFO  - The Page is loaded completely and Logo is displayed true
12:31:58.668 [main] INFO  -  Before Driver is initialize in the hooks..........
12:31:58.668 [main] INFO  - Driver initialized in Hooks successfully: ChromeDriver: chrome on windows (e5273e18f77927d6a277e12633508a0b)
12:31:58.668 [main] INFO  - App URL From Propertieshttps://www.demoblaze.com/index.html
12:32:00.027 [main] INFO  -  Navigating to URL .........
12:32:00.055 [main] INFO  -  Before hooks setup completed..........
12:32:00.131 [main] INFO  - The Page is loaded completely and Logo is displayed true
12:32:03.770 [main] INFO  -  Before Driver is initialize in the hooks..........
12:32:03.770 [main] INFO  - Driver initialized in Hooks successfully: ChromeDriver: chrome on windows (edfecb2e6745f31e358e9c9e18715c26)
12:32:03.770 [main] INFO  - App URL From Propertieshttps://www.demoblaze.com/index.html
12:32:05.171 [main] INFO  -  Navigating to URL .........
12:32:05.258 [main] INFO  -  Before hooks setup completed..........
12:32:05.342 [main] INFO  - The Page is loaded completely and Logo is displayed true
12:32:07.767 [main] INFO  -  Before Driver is initialize in the hooks..........
12:32:07.767 [main] INFO  - Driver initialized in Hooks successfully: ChromeDriver: chrome on windows (7d46da28f2b1f5d9a894a0538836b9ff)
12:32:07.767 [main] INFO  - App URL From Propertieshttps://www.demoblaze.com/index.html
12:32:08.001 [main] INFO  -  Navigating to URL .........
12:32:08.784 [main] INFO  -  Before hooks setup completed..........
12:32:08.864 [main] INFO  - The Page is loaded completely and Logo is displayed true
12:33:16.646 [main] INFO  -  Before Driver is initialize in the hooks..........
12:33:16.649 [main] INFO  - Driver initialized in Hooks successfully: ChromeDriver: chrome on windows (3a432f6a75964571db095a7545d3df9d)
12:33:16.649 [main] INFO  - App URL From Propertieshttps://www.demoblaze.com/index.html
12:33:18.076 [main] INFO  -  Navigating to URL .........
12:33:18.187 [main] INFO  -  Before hooks setup completed..........
12:33:18.355 [main] INFO  - The Page is loaded completely and Logo is displayed true
12:33:23.700 [main] INFO  -  Before Driver is initialize in the hooks..........
12:33:23.702 [main] INFO  - Driver initialized in Hooks successfully: ChromeDriver: chrome on windows (0616667c2558844203b0f90433b32a3e)
12:33:23.702 [main] INFO  - App URL From Propertieshttps://www.demoblaze.com/index.html
12:33:24.928 [main] INFO  -  Navigating to URL .........
12:33:24.964 [main] INFO  -  Before hooks setup completed..........
12:33:25.115 [main] INFO  - The Page is loaded completely and Logo is displayed true
12:33:28.993 [main] INFO  -  Before Driver is initialize in the hooks..........
12:33:28.993 [main] INFO  - Driver initialized in Hooks successfully: ChromeDriver: chrome on windows (79291cda6d836999a2f5a51cbf8e745f)
12:33:28.993 [main] INFO  - App URL From Propertieshttps://www.demoblaze.com/index.html
12:33:30.400 [main] INFO  -  Navigating to URL .........
12:33:30.447 [main] INFO  -  Before hooks setup completed..........
12:33:30.564 [main] INFO  - The Page is loaded completely and Logo is displayed true
12:33:34.560 [main] INFO  -  Before Driver is initialize in the hooks..........
12:33:34.560 [main] INFO  - Driver initialized in Hooks successfully: ChromeDriver: chrome on windows (f333e99ab1e4467e1a53adf251915fa6)
12:33:34.560 [main] INFO  - App URL From Propertieshttps://www.demoblaze.com/index.html
12:33:35.807 [main] INFO  -  Navigating to URL .........
12:33:35.871 [main] INFO  -  Before hooks setup completed..........
12:33:35.965 [main] INFO  - The Page is loaded completely and Logo is displayed true
12:33:39.667 [main] INFO  -  Before Driver is initialize in the hooks..........
12:33:39.667 [main] INFO  - Driver initialized in Hooks successfully: ChromeDriver: chrome on windows (eca8d73e08d3423ef70128281c58359b)
12:33:39.667 [main] INFO  - App URL From Propertieshttps://www.demoblaze.com/index.html
12:33:40.591 [main] INFO  -  Navigating to URL .........
12:33:40.626 [main] INFO  -  Before hooks setup completed..........
12:33:40.686 [main] INFO  - The Page is loaded completely and Logo is displayed true
12:33:43.856 [main] INFO  -  Before Driver is initialize in the hooks..........
12:33:43.856 [main] INFO  - Driver initialized in Hooks successfully: ChromeDriver: chrome on windows (005ef80aa9138730e58e44744418d883)
12:33:43.856 [main] INFO  - App URL From Propertieshttps://www.demoblaze.com/index.html
12:33:44.787 [main] INFO  -  Navigating to URL .........
12:33:44.813 [main] INFO  -  Before hooks setup completed..........
12:33:44.868 [main] INFO  - The Page is loaded completely and Logo is displayed true
12:39:41.759 [main] INFO  -  Before Driver is initialize in the hooks..........
12:39:41.761 [main] INFO  - Driver initialized in Hooks successfully: ChromeDriver: chrome on windows (14624641afba18c4411ee521f0a53845)
12:39:41.761 [main] INFO  - App URL From Propertieshttps://www.demoblaze.com/index.html
12:39:43.141 [main] INFO  -  Navigating to URL .........
12:39:43.225 [main] INFO  -  Before hooks setup completed..........
12:39:43.393 [main] INFO  - The Page is loaded completely and Logo is displayed true
12:48:13.757 [main] INFO  -  Before Driver is initialize in the hooks..........
12:48:13.757 [main] INFO  - Driver initialized in Hooks successfully: ChromeDriver: chrome on windows (0836dd8deedebd220ef0a02c3e944d67)
12:48:13.757 [main] INFO  - App URL From Propertieshttps://www.demoblaze.com/index.html
12:48:15.070 [main] INFO  -  Navigating to URL .........
12:48:15.110 [main] INFO  -  Before hooks setup completed..........
12:48:15.328 [main] INFO  - The Page is loaded completely and Logo is displayed true
13:51:07.450 [main] INFO  -  Before Driver is initialize in the hooks..........
13:51:07.458 [main] INFO  - Driver initialized in Hooks successfully: ChromeDriver: chrome on windows (5135f7238e4e3958569baffe263bf123)
13:51:07.458 [main] INFO  - App URL From Propertieshttps://www.demoblaze.com/index.html
13:51:08.896 [main] INFO  -  Navigating to URL .........
13:51:08.965 [main] INFO  -  Before hooks setup completed..........
13:51:09.165 [main] INFO  - The Page is loaded completely and Logo is displayed true
14:00:05.880 [main] INFO  -  Before Driver is initialize in the hooks..........
14:00:05.888 [main] INFO  - Driver initialized in Hooks successfully: ChromeDriver: chrome on windows (8c92b0d257a2a17b03e662053e1f3f8a)
14:00:05.888 [main] INFO  - App URL From Propertieshttps://www.demoblaze.com/index.html
14:00:07.412 [main] INFO  -  Navigating to URL .........
14:00:07.502 [main] INFO  -  Before hooks setup completed..........
14:00:07.691 [main] INFO  - The Page is loaded completely and Logo is displayed true
14:07:28.128 [main] INFO  -  Before Driver is initialize in the hooks..........
14:07:28.128 [main] INFO  - Driver initialized in Hooks successfully: ChromeDriver: chrome on windows (a74009044ea767eb657e94b63b12a2f0)
14:07:28.128 [main] INFO  - App URL From Propertieshttps://www.demoblaze.com/index.html
14:07:29.522 [main] INFO  -  Navigating to URL .........
14:07:29.556 [main] INFO  -  Before hooks setup completed..........
14:07:29.769 [main] INFO  - The Page is loaded completely and Logo is displayed true
14:07:30.560 [main] INFO  - Login modal already open, skipping click
17:46:49.821 [main] INFO  -  Before Driver is initialize in the hooks..........
17:46:49.821 [main] INFO  - Driver initialized in Hooks successfully: ChromeDriver: chrome on windows (aeab5b151182a06bbafcd3650d3c418c)
17:46:49.821 [main] INFO  - App URL From Propertieshttps://www.demoblaze.com/index.html
17:46:51.107 [main] INFO  -  Navigating to URL .........
17:46:51.178 [main] INFO  -  Before hooks setup completed..........
17:46:51.412 [main] INFO  - The Page is loaded completely and Logo is displayed true
17:46:53.695 [main] INFO  -  Before Driver is initialize in the hooks..........
17:46:53.696 [main] INFO  - Driver initialized in Hooks successfully: ChromeDriver: chrome on windows (e1305555cc6a056406ed1bff5f9cd514)
17:46:53.696 [main] INFO  - App URL From Propertieshttps://www.demoblaze.com/index.html
17:46:54.867 [main] INFO  -  Navigating to URL .........
17:46:54.902 [main] INFO  -  Before hooks setup completed..........
17:46:55.039 [main] INFO  - The Page is loaded completely and Logo is displayed true
17:49:27.694 [main] INFO  -  Before Driver is initialize in the hooks..........
17:49:27.704 [main] INFO  - Driver initialized in Hooks successfully: ChromeDriver: chrome on windows (deab388dbb234e6f9abbb991f4cbc148)
17:49:27.704 [main] INFO  - App URL From Propertieshttps://www.demoblaze.com/index.html
17:49:28.972 [main] INFO  -  Navigating to URL .........
17:49:29.101 [main] INFO  -  Before hooks setup completed..........
17:49:29.311 [main] INFO  - The Page is loaded completely and Logo is displayed true
17:49:31.050 [main] INFO  -  Before Driver is initialize in the hooks..........
17:49:31.050 [main] INFO  - Driver initialized in Hooks successfully: ChromeDriver: chrome on windows (4430728e796e97f7abb17f45de331323)
17:49:31.050 [main] INFO  - App URL From Propertieshttps://www.demoblaze.com/index.html
17:49:31.297 [main] INFO  -  Navigating to URL .........
17:49:32.104 [main] INFO  -  Before hooks setup completed..........
17:49:32.194 [main] INFO  - The Page is loaded completely and Logo is displayed true
17:52:32.341 [main] INFO  -  Before Driver is initialize in the hooks..........
17:52:32.351 [main] INFO  - Driver initialized in Hooks successfully: ChromeDriver: chrome on windows (911c11466026ab22b48bbe6dbb3eefef)
17:52:32.351 [main] INFO  - App URL From Propertieshttps://www.demoblaze.com/index.html
17:52:33.866 [main] INFO  -  Navigating to URL .........
17:52:33.914 [main] INFO  -  Before hooks setup completed..........
17:52:34.089 [main] INFO  - The Page is loaded completely and Logo is displayed true
17:52:36.441 [main] INFO  -  Before Driver is initialize in the hooks..........
17:52:36.441 [main] INFO  - Driver initialized in Hooks successfully: ChromeDriver: chrome on windows (b6f3dd296cf7ab7550c0dd6e39172b4f)
17:52:36.441 [main] INFO  - App URL From Propertieshttps://www.demoblaze.com/index.html
17:52:37.615 [main] INFO  -  Navigating to URL .........
17:52:37.650 [main] INFO  -  Before hooks setup completed..........
17:52:37.772 [main] INFO  - The Page is loaded completely and Logo is displayed true
17:52:41.191 [main] INFO  -  Before Driver is initialize in the hooks..........
17:52:41.191 [main] INFO  - Driver initialized in Hooks successfully: ChromeDriver: chrome on windows (446aa8d16bc0fddb3466a3fcfb098987)
17:52:41.191 [main] INFO  - App URL From Propertieshttps://www.demoblaze.com/index.html
17:52:42.540 [main] INFO  -  Navigating to URL .........
17:52:42.587 [main] INFO  -  Before hooks setup completed..........
17:52:42.713 [main] INFO  - The Page is loaded completely and Logo is displayed true
17:52:46.755 [main] INFO  -  Before Driver is initialize in the hooks..........
17:52:46.771 [main] INFO  - Driver initialized in Hooks successfully: ChromeDriver: chrome on windows (e712d2f69ca301781bf872237170b524)
17:52:46.771 [main] INFO  - App URL From Propertieshttps://www.demoblaze.com/index.html
17:52:48.016 [main] INFO  -  Navigating to URL .........
17:52:48.045 [main] INFO  -  Before hooks setup completed..........
17:52:48.197 [main] INFO  - The Page is loaded completely and Logo is displayed true
17:52:51.508 [main] INFO  -  Before Driver is initialize in the hooks..........
17:52:51.508 [main] INFO  - Driver initialized in Hooks successfully: ChromeDriver: chrome on windows (39da6f64f8a6ec000f1ceb5757a050ef)
17:52:51.508 [main] INFO  - App URL From Propertieshttps://www.demoblaze.com/index.html
17:52:52.548 [main] INFO  -  Navigating to URL .........
17:52:52.583 [main] INFO  -  Before hooks setup completed..........
17:52:52.659 [main] INFO  - The Page is loaded completely and Logo is displayed true
17:52:56.005 [main] INFO  -  Before Driver is initialize in the hooks..........
17:52:56.005 [main] INFO  - Driver initialized in Hooks successfully: ChromeDriver: chrome on windows (7269e5b45e8206ff1d12a08aee8d5d0d)
17:52:56.006 [main] INFO  - App URL From Propertieshttps://www.demoblaze.com/index.html
17:52:57.611 [main] INFO  -  Navigating to URL .........
17:52:57.678 [main] INFO  -  Before hooks setup completed..........
17:52:57.784 [main] INFO  - The Page is loaded completely and Logo is displayed true
17:53:01.030 [main] INFO  -  Before Driver is initialize in the hooks..........
17:53:01.030 [main] INFO  - Driver initialized in Hooks successfully: ChromeDriver: chrome on windows (196b311bdfbcd6af46f94d66e969a7ab)
17:53:01.030 [main] INFO  - App URL From Propertieshttps://www.demoblaze.com/index.html
17:53:02.283 [main] INFO  -  Navigating to URL .........
17:53:02.337 [main] INFO  -  Before hooks setup completed..........
17:53:02.458 [main] INFO  - The Page is loaded completely and Logo is displayed true
17:53:04.934 [main] INFO  -  Before Driver is initialize in the hooks..........
17:53:04.934 [main] INFO  - Driver initialized in Hooks successfully: ChromeDriver: chrome on windows (af97b3b53c661d3ac68960141609d12a)
17:53:04.934 [main] INFO  - App URL From Propertieshttps://www.demoblaze.com/index.html
17:53:05.844 [main] INFO  -  Navigating to URL .........
17:53:05.878 [main] INFO  -  Before hooks setup completed..........
17:53:05.944 [main] INFO  - The Page is loaded completely and Logo is displayed true
17:53:06.642 [main] INFO  - Login modal already open, skipping click
17:55:47.373 [main] INFO  -  Before Driver is initialize in the hooks..........
17:55:47.374 [main] INFO  - Driver initialized in Hooks successfully: ChromeDriver: chrome on windows (c10342add43a9976cfc5a07e9cada09a)
17:55:47.374 [main] INFO  - App URL From Propertieshttps://www.demoblaze.com/index.html
17:55:48.757 [main] INFO  -  Navigating to URL .........
17:55:48.835 [main] INFO  -  Before hooks setup completed..........
17:55:49.007 [main] INFO  - The Page is loaded completely and Logo is displayed true
17:55:50.987 [main] INFO  -  Before Driver is initialize in the hooks..........
17:55:50.987 [main] INFO  - Driver initialized in Hooks successfully: ChromeDriver: chrome on windows (9a7d98a7004569dc50ddd735799928db)
17:55:50.987 [main] INFO  - App URL From Propertieshttps://www.demoblaze.com/index.html
17:55:52.003 [main] INFO  -  Navigating to URL .........
17:55:52.069 [main] INFO  -  Before hooks setup completed..........
17:55:52.172 [main] INFO  - The Page is loaded completely and Logo is displayed true
17:55:55.444 [main] INFO  -  Before Driver is initialize in the hooks..........
17:55:55.444 [main] INFO  - Driver initialized in Hooks successfully: ChromeDriver: chrome on windows (26678c4ddacd28d8ee5eeb26f7812001)
17:55:55.444 [main] INFO  - App URL From Propertieshttps://www.demoblaze.com/index.html
17:55:56.893 [main] INFO  -  Navigating to URL .........
17:55:56.939 [main] INFO  -  Before hooks setup completed..........
17:55:57.019 [main] INFO  - The Page is loaded completely and Logo is displayed true
17:56:01.718 [main] INFO  -  Before Driver is initialize in the hooks..........
17:56:01.718 [main] INFO  - Driver initialized in Hooks successfully: ChromeDriver: chrome on windows (d5a36cc11fba59a4fa4921adf51779c4)
17:56:01.718 [main] INFO  - App URL From Propertieshttps://www.demoblaze.com/index.html
17:56:03.020 [main] INFO  -  Navigating to URL .........
17:56:03.051 [main] INFO  -  Before hooks setup completed..........
17:56:03.124 [main] INFO  - The Page is loaded completely and Logo is displayed true
17:56:06.449 [main] INFO  -  Before Driver is initialize in the hooks..........
17:56:06.449 [main] INFO  - Driver initialized in Hooks successfully: ChromeDriver: chrome on windows (09711d77db45a1a5c028772019b3bf71)
17:56:06.449 [main] INFO  - App URL From Propertieshttps://www.demoblaze.com/index.html
17:56:07.979 [main] INFO  -  Navigating to URL .........
17:56:08.048 [main] INFO  -  Before hooks setup completed..........
17:56:08.141 [main] INFO  - The Page is loaded completely and Logo is displayed true
17:56:11.490 [main] INFO  -  Before Driver is initialize in the hooks..........
17:56:11.490 [main] INFO  - Driver initialized in Hooks successfully: ChromeDriver: chrome on windows (98d4e7ea3476a3780224e8f17b661639)
17:56:11.490 [main] INFO  - App URL From Propertieshttps://www.demoblaze.com/index.html
17:56:12.762 [main] INFO  -  Navigating to URL .........
