12:18:06.894 [main] INFO  - App URL From Propertieshttps://www.demoblaze.com/index.html
12:18:08.135 [main] INFO  -  Navigating to URL .........
12:18:08.176 [main] INFO  -  Before hooks setup completed..........
12:18:08.244 [main] INFO  - The Page is loaded completely and Logo is displayed true
12:18:11.535 [main] INFO  - Alert found...
12:18:13.450 [main] INFO  - Product found in the cart with correct price Sony xperia z5 320
12:18:15.161 [main] INFO  -  Before Driver is initialize in the hooks..........
12:18:15.161 [main] INFO  - Driver initialized in Hooks successfully: ChromeDriver: chrome on windows (67fbf806b2ad98dfd798164390f1b60e)
12:18:15.161 [main] INFO  - App URL From Propertieshttps://www.demoblaze.com/index.html
12:18:16.209 [main] INFO  -  Navigating to URL .........
12:18:16.240 [main] INFO  -  Before hooks setup completed..........
12:18:16.286 [main] INFO  - The Page is loaded completely and Logo is displayed true
12:18:19.615 [main] INFO  - Alert found...
12:18:41.657 [main] INFO  - Delete button not found for: Sony xperia z5
12:28:11.193 [main] INFO  -  Before Driver is initialize in the hooks..........
12:28:11.193 [main] INFO  - Driver initialized in Hooks successfully: ChromeDriver: chrome on windows (bdf86d2449caf93bfe7d9c6ed71357c5)
12:28:11.193 [main] INFO  - App URL From Propertieshttps://www.demoblaze.com/index.html
12:28:12.575 [main] INFO  -  Navigating to URL .........
12:28:12.656 [main] INFO  -  Before hooks setup completed..........
12:28:12.882 [main] INFO  - The Page is loaded completely and Logo is displayed true
12:28:15.922 [main] INFO  - Alert found...
12:28:17.843 [main] INFO  - Product found in raw1Sony xperia z5
12:28:17.843 [main] INFO  - Product found in the cartSony xperia z5
12:28:19.482 [main] INFO  -  Before Driver is initialize in the hooks..........
12:28:19.482 [main] INFO  - Driver initialized in Hooks successfully: ChromeDriver: chrome on windows (20cf07dc1f8839acd531da78afff6d6b)
12:28:19.482 [main] INFO  - App URL From Propertieshttps://www.demoblaze.com/index.html
12:28:20.811 [main] INFO  -  Navigating to URL .........
12:28:20.839 [main] INFO  -  Before hooks setup completed..........
12:28:20.961 [main] INFO  - The Page is loaded completely and Logo is displayed true
12:28:27.054 [main] INFO  - Alert found...
12:28:28.932 [main] INFO  - Product found in raw1Samsung galaxy s6
12:28:28.932 [main] INFO  - Product found in the cartSamsung galaxy s6
12:28:30.885 [main] INFO  -  Before Driver is initialize in the hooks..........
12:28:30.885 [main] INFO  - Driver initialized in Hooks successfully: ChromeDriver: chrome on windows (8b83aa760ad6deec9847ed930417e0aa)
12:28:30.885 [main] INFO  - App URL From Propertieshttps://www.demoblaze.com/index.html
12:28:32.218 [main] INFO  -  Navigating to URL .........
12:28:32.253 [main] INFO  -  Before hooks setup completed..........
12:28:32.318 [main] INFO  - The Page is loaded completely and Logo is displayed true
12:28:35.504 [main] INFO  - Alert found...
12:28:37.347 [main] INFO  - Product found in raw1Sony xperia z5
12:28:37.347 [main] INFO  - Product found in the cartSony xperia z5
12:28:37.497 [main] INFO  - Product found in the cart with correct price Sony xperia z5 320
12:28:39.124 [main] INFO  -  Before Driver is initialize in the hooks..........
12:28:39.124 [main] INFO  - Driver initialized in Hooks successfully: ChromeDriver: chrome on windows (61aba4ab9f513042cd3daeb9e7f83f41)
12:28:39.124 [main] INFO  - App URL From Propertieshttps://www.demoblaze.com/index.html
12:28:40.415 [main] INFO  -  Navigating to URL .........
12:28:40.459 [main] INFO  -  Before hooks setup completed..........
12:28:40.538 [main] INFO  - The Page is loaded completely and Logo is displayed true
12:28:44.144 [main] INFO  - Alert found...
12:28:46.212 [main] INFO  - Product found in the cart with correct price Sony xperia z5 320
12:28:47.993 [main] INFO  -  Before Driver is initialize in the hooks..........
12:28:47.993 [main] INFO  - Driver initialized in Hooks successfully: ChromeDriver: chrome on windows (c2bcf9617cba52a33c023a884560cff6)
12:28:47.993 [main] INFO  - App URL From Propertieshttps://www.demoblaze.com/index.html
12:28:49.209 [main] INFO  -  Navigating to URL .........
12:28:49.292 [main] INFO  -  Before hooks setup completed..........
12:28:49.384 [main] INFO  - The Page is loaded completely and Logo is displayed true
12:28:52.373 [main] INFO  - Alert found...
12:31:39.093 [main] INFO  -  Before Driver is initialize in the hooks..........
12:31:39.095 [main] INFO  - Driver initialized in Hooks successfully: ChromeDriver: chrome on windows (20a2c202df96d88a82a3ad01410392d6)
12:31:39.095 [main] INFO  - App URL From Propertieshttps://www.demoblaze.com/index.html
12:31:40.447 [main] INFO  -  Navigating to URL .........
12:31:40.509 [main] INFO  -  Before hooks setup completed..........
12:31:40.709 [main] INFO  - The Page is loaded completely and Logo is displayed true
12:31:43.804 [main] INFO  - Alert found...
12:31:45.731 [main] INFO  - Product found in raw1Sony xperia z5
12:31:45.731 [main] INFO  - Product found in the cartSony xperia z5
12:31:47.488 [main] INFO  -  Before Driver is initialize in the hooks..........
12:31:47.488 [main] INFO  - Driver initialized in Hooks successfully: ChromeDriver: chrome on windows (329f0c7014e5b5a16eb4e4e9076c36f3)
12:31:47.488 [main] INFO  - App URL From Propertieshttps://www.demoblaze.com/index.html
12:31:48.566 [main] INFO  -  Navigating to URL .........
12:31:48.601 [main] INFO  -  Before hooks setup completed..........
12:31:48.734 [main] INFO  - The Page is loaded completely and Logo is displayed true
12:31:54.486 [main] INFO  - Alert found...
12:31:56.396 [main] INFO  - Product found in raw1Samsung galaxy s6
12:31:56.396 [main] INFO  - Product found in the cartSamsung galaxy s6
12:31:57.936 [main] INFO  -  Before Driver is initialize in the hooks..........
12:31:57.936 [main] INFO  - Driver initialized in Hooks successfully: ChromeDriver: chrome on windows (ee954a9c20a49421b1d556f6432df8b8)
12:31:57.936 [main] INFO  - App URL From Propertieshttps://www.demoblaze.com/index.html
12:31:59.777 [main] INFO  -  Navigating to URL .........
12:31:59.863 [main] INFO  -  Before hooks setup completed..........
12:31:59.948 [main] INFO  - The Page is loaded completely and Logo is displayed true
12:32:03.044 [main] INFO  - Alert found...
12:32:05.068 [main] INFO  - Product found in raw1Sony xperia z5
12:32:05.068 [main] INFO  - Product found in the cartSony xperia z5
12:32:05.228 [main] INFO  - Product found in the cart with correct price Sony xperia z5 320
12:32:06.961 [main] INFO  -  Before Driver is initialize in the hooks..........
12:32:06.961 [main] INFO  - Driver initialized in Hooks successfully: ChromeDriver: chrome on windows (ee46455a050ad17f373d7556cce728ee)
12:32:06.961 [main] INFO  - App URL From Propertieshttps://www.demoblaze.com/index.html
12:32:08.310 [main] INFO  -  Navigating to URL .........
12:32:08.347 [main] INFO  -  Before hooks setup completed..........
12:32:08.421 [main] INFO  - The Page is loaded completely and Logo is displayed true
12:32:11.744 [main] INFO  - Alert found...
12:32:13.880 [main] INFO  - Product found in the cart with correct price Sony xperia z5 320
12:32:15.460 [main] INFO  -  Before Driver is initialize in the hooks..........
12:32:15.460 [main] INFO  - Driver initialized in Hooks successfully: ChromeDriver: chrome on windows (62c02fdaba06dce0c8c921cbcbfb5d80)
12:32:15.460 [main] INFO  - App URL From Propertieshttps://www.demoblaze.com/index.html
12:32:15.722 [main] INFO  -  Navigating to URL .........
12:32:16.582 [main] INFO  -  Before hooks setup completed..........
12:32:16.693 [main] INFO  - The Page is loaded completely and Logo is displayed true
12:32:19.861 [main] INFO  - Alert found...
12:34:57.380 [main] INFO  -  Before Driver is initialize in the hooks..........
12:34:57.383 [main] INFO  - Driver initialized in Hooks successfully: ChromeDriver: chrome on windows (6f8f892e64de323405ee61b1c28c729f)
12:34:57.383 [main] INFO  - App URL From Propertieshttps://www.demoblaze.com/index.html
12:34:58.724 [main] INFO  -  Navigating to URL .........
12:34:58.810 [main] INFO  -  Before hooks setup completed..........
12:34:59.026 [main] INFO  - The Page is loaded completely and Logo is displayed true
12:35:02.268 [main] INFO  - Alert found...
12:35:04.227 [main] INFO  - Product found in raw1Sony xperia z5
12:35:04.227 [main] INFO  - Product found in the cartSony xperia z5
12:35:06.356 [main] INFO  -  Before Driver is initialize in the hooks..........
12:35:06.356 [main] INFO  - Driver initialized in Hooks successfully: ChromeDriver: chrome on windows (95645a83b85463459acdb59c86f6e016)
12:35:06.356 [main] INFO  - App URL From Propertieshttps://www.demoblaze.com/index.html
12:35:07.607 [main] INFO  -  Navigating to URL .........
12:35:07.654 [main] INFO  -  Before hooks setup completed..........
12:35:07.768 [main] INFO  - The Page is loaded completely and Logo is displayed true
12:35:13.553 [main] INFO  - Alert found...
12:35:15.420 [main] INFO  - Product found in raw1Samsung galaxy s6
12:35:15.420 [main] INFO  - Product found in the cartSamsung galaxy s6
12:35:17.079 [main] INFO  -  Before Driver is initialize in the hooks..........
12:35:17.080 [main] INFO  - Driver initialized in Hooks successfully: ChromeDriver: chrome on windows (7049a953935cdfc626cdb1ace3c18913)
12:35:17.080 [main] INFO  - App URL From Propertieshttps://www.demoblaze.com/index.html
12:35:18.580 [main] INFO  -  Navigating to URL .........
12:35:18.624 [main] INFO  -  Before hooks setup completed..........
12:35:18.695 [main] INFO  - The Page is loaded completely and Logo is displayed true
12:35:21.954 [main] INFO  - Alert found...
12:35:24.051 [main] INFO  - Product found in raw1Sony xperia z5
12:35:24.051 [main] INFO  - Product found in the cartSony xperia z5
12:35:24.201 [main] INFO  - Product found in the cart with correct price Sony xperia z5 320
12:35:25.934 [main] INFO  -  Before Driver is initialize in the hooks..........
12:35:25.935 [main] INFO  - Driver initialized in Hooks successfully: ChromeDriver: chrome on windows (a022a269bf19dbc8f86ab8cb522d5bb5)
12:35:25.935 [main] INFO  - App URL From Propertieshttps://www.demoblaze.com/index.html
12:35:27.243 [main] INFO  -  Navigating to URL .........
12:35:27.276 [main] INFO  -  Before hooks setup completed..........
12:35:27.401 [main] INFO  - The Page is loaded completely and Logo is displayed true
12:35:30.576 [main] INFO  - Alert found...
12:35:32.565 [main] INFO  - Product found in the cart with correct price Sony xperia z5 320
12:35:34.326 [main] INFO  -  Before Driver is initialize in the hooks..........
12:35:34.326 [main] INFO  - Driver initialized in Hooks successfully: ChromeDriver: chrome on windows (11b6c7aef7570b7c79798cd6f298e410)
12:35:34.326 [main] INFO  - App URL From Propertieshttps://www.demoblaze.com/index.html
12:35:35.514 [main] INFO  -  Navigating to URL .........
12:35:35.539 [main] INFO  -  Before hooks setup completed..........
12:35:35.614 [main] INFO  - The Page is loaded completely and Logo is displayed true
12:35:38.936 [main] INFO  - Alert found...
14:17:14.082 [main] INFO  -  Before Driver is initialize in the hooks..........
14:17:14.085 [main] INFO  - Driver initialized in Hooks successfully: ChromeDriver: chrome on windows (b105e23084077c206d5d2ccf435c4f89)
14:17:14.085 [main] INFO  - App URL From Propertieshttps://www.demoblaze.com/index.html
14:17:15.481 [main] INFO  -  Navigating to URL .........
14:17:15.562 [main] INFO  -  Before hooks setup completed..........
14:17:15.747 [main] INFO  - The Page is loaded completely and Logo is displayed true
14:17:19.078 [main] INFO  - Alert found...
14:17:21.423 [main] INFO  - Product found in raw1Sony xperia z5
14:17:21.423 [main] INFO  - Product found in the cartSony xperia z5
14:17:23.967 [main] INFO  -  Before Driver is initialize in the hooks..........
14:17:23.968 [main] INFO  - Driver initialized in Hooks successfully: ChromeDriver: chrome on windows (39868f13ea3f57a51c39e316f7fe42d4)
14:17:23.968 [main] INFO  - App URL From Propertieshttps://www.demoblaze.com/index.html
14:17:25.426 [main] INFO  -  Navigating to URL .........
14:17:25.496 [main] INFO  -  Before hooks setup completed..........
14:17:25.600 [main] INFO  - The Page is loaded completely and Logo is displayed true
14:17:31.661 [main] INFO  - Alert found...
14:17:33.725 [main] INFO  - Product found in raw1Samsung galaxy s6
14:17:33.726 [main] INFO  - Product found in the cartSamsung galaxy s6
14:17:35.464 [main] INFO  -  Before Driver is initialize in the hooks..........
14:17:35.465 [main] INFO  - Driver initialized in Hooks successfully: ChromeDriver: chrome on windows (4ad38ecab56b1583f4d56061cd675d5f)
14:17:35.465 [main] INFO  - App URL From Propertieshttps://www.demoblaze.com/index.html
14:17:36.640 [main] INFO  -  Navigating to URL .........
14:17:36.682 [main] INFO  -  Before hooks setup completed..........
14:17:36.812 [main] INFO  - The Page is loaded completely and Logo is displayed true
14:17:40.042 [main] INFO  - Alert found...
14:17:42.190 [main] INFO  - Product found in raw1Sony xperia z5
14:17:42.190 [main] INFO  - Product found in the cartSony xperia z5
14:17:42.345 [main] INFO  - Product found in the cart with correct price Sony xperia z5 320
14:17:44.365 [main] INFO  -  Before Driver is initialize in the hooks..........
14:17:44.366 [main] INFO  - Driver initialized in Hooks successfully: ChromeDriver: chrome on windows (5ea1dc223c4f73cf72d53d5354775de6)
14:17:44.366 [main] INFO  - App URL From Propertieshttps://www.demoblaze.com/index.html
14:17:44.614 [main] INFO  -  Navigating to URL .........
14:17:45.478 [main] INFO  -  Before hooks setup completed..........
14:17:45.620 [main] INFO  - The Page is loaded completely and Logo is displayed true
14:17:48.716 [main] INFO  - Alert found...
14:17:50.793 [main] INFO  - Product found in the cart with correct price Sony xperia z5 320
14:17:52.309 [main] INFO  -  Before Driver is initialize in the hooks..........
14:17:52.309 [main] INFO  - Driver initialized in Hooks successfully: ChromeDriver: chrome on windows (286ff115d1cd76e075259dc346904bbf)
14:17:52.309 [main] INFO  - App URL From Propertieshttps://www.demoblaze.com/index.html
14:17:53.660 [main] INFO  -  Navigating to URL .........
14:17:53.722 [main] INFO  -  Before hooks setup completed..........
14:17:53.844 [main] INFO  - The Page is loaded completely and Logo is displayed true
14:17:56.975 [main] INFO  - Alert found...
14:20:32.887 [main] INFO  -  Before Driver is initialize in the hooks..........
14:20:32.890 [main] INFO  - Driver initialized in Hooks successfully: ChromeDriver: chrome on windows (691830919df968f3a5c2b289fd192dad)
14:20:32.890 [main] INFO  - App URL From Propertieshttps://www.demoblaze.com/index.html
14:20:34.203 [main] INFO  -  Navigating to URL .........
14:20:34.291 [main] INFO  -  Before hooks setup completed..........
14:20:34.468 [main] INFO  - The Page is loaded completely and Logo is displayed true
14:20:37.568 [main] INFO  - Alert found...
14:20:39.565 [main] INFO  - Product found in raw1Sony xperia z5
14:20:39.565 [main] INFO  - Product found in the cartSony xperia z5
14:20:41.299 [main] INFO  -  Before Driver is initialize in the hooks..........
14:20:41.299 [main] INFO  - Driver initialized in Hooks successfully: ChromeDriver: chrome on windows (18a29bb677f108410db477be128ebc05)
14:20:41.299 [main] INFO  - App URL From Propertieshttps://www.demoblaze.com/index.html
14:20:41.823 [main] INFO  -  Navigating to URL .........
14:20:42.667 [main] INFO  -  Before hooks setup completed..........
14:20:42.755 [main] INFO  - The Page is loaded completely and Logo is displayed true
14:20:48.957 [main] INFO  - Alert found...
14:20:50.823 [main] INFO  - Product found in raw1Samsung galaxy s6
14:20:50.823 [main] INFO  - Product found in the cartSamsung galaxy s6
14:20:52.357 [main] INFO  -  Before Driver is initialize in the hooks..........
14:20:52.357 [main] INFO  - Driver initialized in Hooks successfully: ChromeDriver: chrome on windows (5baa8fc84deb1e276cd7df5432158367)
14:20:52.358 [main] INFO  - App URL From Propertieshttps://www.demoblaze.com/index.html
14:20:53.891 [main] INFO  -  Navigating to URL .........
14:20:53.940 [main] INFO  -  Before hooks setup completed..........
14:20:54.061 [main] INFO  - The Page is loaded completely and Logo is displayed true
14:20:57.110 [main] INFO  - Alert found...
14:20:59.190 [main] INFO  - Product found in raw1Sony xperia z5
14:20:59.190 [main] INFO  - Product found in the cartSony xperia z5
14:20:59.385 [main] INFO  - Product found in the cart with correct price Sony xperia z5 320
14:21:01.171 [main] INFO  -  Before Driver is initialize in the hooks..........
14:21:01.172 [main] INFO  - Driver initialized in Hooks successfully: ChromeDriver: chrome on windows (a5d801f9754077cf30a1b1cfc35b1b50)
14:21:01.172 [main] INFO  - App URL From Propertieshttps://www.demoblaze.com/index.html
14:21:02.623 [main] INFO  -  Navigating to URL .........
14:21:02.721 [main] INFO  -  Before hooks setup completed..........
14:21:02.860 [main] INFO  - The Page is loaded completely and Logo is displayed true
14:21:05.984 [main] INFO  - Alert found...
14:21:08.013 [main] INFO  - Product found in the cart with correct price Sony xperia z5 320
14:21:09.542 [main] INFO  -  Before Driver is initialize in the hooks..........
14:21:09.542 [main] INFO  - Driver initialized in Hooks successfully: ChromeDriver: chrome on windows (83c712bfdf8f592e3302d8024f2df926)
14:21:09.542 [main] INFO  - App URL From Propertieshttps://www.demoblaze.com/index.html
14:21:10.952 [main] INFO  -  Navigating to URL .........
14:21:10.988 [main] INFO  -  Before hooks setup completed..........
14:21:11.125 [main] INFO  - The Page is loaded completely and Logo is displayed true
14:21:14.239 [main] INFO  - Alert found...
