12:18:06.894 [main] INFO  - App URL From Propertieshttps://www.demoblaze.com/index.html
12:18:08.135 [main] INFO  -  Navigating to URL .........
12:18:08.176 [main] INFO  -  Before hooks setup completed..........
12:18:08.244 [main] INFO  - The Page is loaded completely and Logo is displayed true
12:18:11.535 [main] INFO  - Alert found...
12:18:13.450 [main] INFO  - Product found in the cart with correct price Sony xperia z5 320
12:18:15.161 [main] INFO  -  Before Driver is initialize in the hooks..........
12:18:15.161 [main] INFO  - Driver initialized in Hooks successfully: ChromeDriver: chrome on windows (67fbf806b2ad98dfd798164390f1b60e)
12:18:15.161 [main] INFO  - App URL From Propertieshttps://www.demoblaze.com/index.html
12:18:16.209 [main] INFO  -  Navigating to URL .........
12:18:16.240 [main] INFO  -  Before hooks setup completed..........
12:18:16.286 [main] INFO  - The Page is loaded completely and Logo is displayed true
12:18:19.615 [main] INFO  - Alert found...
12:18:41.657 [main] INFO  - Delete button not found for: Sony xperia z5
12:28:11.193 [main] INFO  -  Before Driver is initialize in the hooks..........
12:28:11.193 [main] INFO  - Driver initialized in Hooks successfully: ChromeDriver: chrome on windows (bdf86d2449caf93bfe7d9c6ed71357c5)
12:28:11.193 [main] INFO  - App URL From Propertieshttps://www.demoblaze.com/index.html
12:28:12.575 [main] INFO  -  Navigating to URL .........
12:28:12.656 [main] INFO  -  Before hooks setup completed..........
12:28:12.882 [main] INFO  - The Page is loaded completely and Logo is displayed true
12:28:15.922 [main] INFO  - Alert found...
12:28:17.843 [main] INFO  - Product found in raw1Sony xperia z5
12:28:17.843 [main] INFO  - Product found in the cartSony xperia z5
12:28:19.482 [main] INFO  -  Before Driver is initialize in the hooks..........
12:28:19.482 [main] INFO  - Driver initialized in Hooks successfully: ChromeDriver: chrome on windows (20cf07dc1f8839acd531da78afff6d6b)
12:28:19.482 [main] INFO  - App URL From Propertieshttps://www.demoblaze.com/index.html
12:28:20.811 [main] INFO  -  Navigating to URL .........
12:28:20.839 [main] INFO  -  Before hooks setup completed..........
12:28:20.961 [main] INFO  - The Page is loaded completely and Logo is displayed true
12:28:27.054 [main] INFO  - Alert found...
12:28:28.932 [main] INFO  - Product found in raw1Samsung galaxy s6
12:28:28.932 [main] INFO  - Product found in the cartSamsung galaxy s6
12:28:30.885 [main] INFO  -  Before Driver is initialize in the hooks..........
12:28:30.885 [main] INFO  - Driver initialized in Hooks successfully: ChromeDriver: chrome on windows (8b83aa760ad6deec9847ed930417e0aa)
12:28:30.885 [main] INFO  - App URL From Propertieshttps://www.demoblaze.com/index.html
12:28:32.218 [main] INFO  -  Navigating to URL .........
12:28:32.253 [main] INFO  -  Before hooks setup completed..........
12:28:32.318 [main] INFO  - The Page is loaded completely and Logo is displayed true
12:28:35.504 [main] INFO  - Alert found...
12:28:37.347 [main] INFO  - Product found in raw1Sony xperia z5
12:28:37.347 [main] INFO  - Product found in the cartSony xperia z5
12:28:37.497 [main] INFO  - Product found in the cart with correct price Sony xperia z5 320
12:28:39.124 [main] INFO  -  Before Driver is initialize in the hooks..........
12:28:39.124 [main] INFO  - Driver initialized in Hooks successfully: ChromeDriver: chrome on windows (61aba4ab9f513042cd3daeb9e7f83f41)
12:28:39.124 [main] INFO  - App URL From Propertieshttps://www.demoblaze.com/index.html
12:28:40.415 [main] INFO  -  Navigating to URL .........
12:28:40.459 [main] INFO  -  Before hooks setup completed..........
12:28:40.538 [main] INFO  - The Page is loaded completely and Logo is displayed true
12:28:44.144 [main] INFO  - Alert found...
12:28:46.212 [main] INFO  - Product found in the cart with correct price Sony xperia z5 320
12:28:47.993 [main] INFO  -  Before Driver is initialize in the hooks..........
12:28:47.993 [main] INFO  - Driver initialized in Hooks successfully: ChromeDriver: chrome on windows (c2bcf9617cba52a33c023a884560cff6)
12:28:47.993 [main] INFO  - App URL From Propertieshttps://www.demoblaze.com/index.html
12:28:49.209 [main] INFO  -  Navigating to URL .........
12:28:49.292 [main] INFO  -  Before hooks setup completed..........
12:28:49.384 [main] INFO  - The Page is loaded completely and Logo is displayed true
12:28:52.373 [main] INFO  - Alert found...
12:31:39.093 [main] INFO  -  Before Driver is initialize in the hooks..........
12:31:39.095 [main] INFO  - Driver initialized in Hooks successfully: ChromeDriver: chrome on windows (20a2c202df96d88a82a3ad01410392d6)
12:31:39.095 [main] INFO  - App URL From Propertieshttps://www.demoblaze.com/index.html
12:31:40.447 [main] INFO  -  Navigating to URL .........
12:31:40.509 [main] INFO  -  Before hooks setup completed..........
12:31:40.709 [main] INFO  - The Page is loaded completely and Logo is displayed true
12:31:43.804 [main] INFO  - Alert found...
12:31:45.731 [main] INFO  - Product found in raw1Sony xperia z5
12:31:45.731 [main] INFO  - Product found in the cartSony xperia z5
12:31:47.488 [main] INFO  -  Before Driver is initialize in the hooks..........
12:31:47.488 [main] INFO  - Driver initialized in Hooks successfully: ChromeDriver: chrome on windows (329f0c7014e5b5a16eb4e4e9076c36f3)
12:31:47.488 [main] INFO  - App URL From Propertieshttps://www.demoblaze.com/index.html
12:31:48.566 [main] INFO  -  Navigating to URL .........
12:31:48.601 [main] INFO  -  Before hooks setup completed..........
12:31:48.734 [main] INFO  - The Page is loaded completely and Logo is displayed true
12:31:54.486 [main] INFO  - Alert found...
12:31:56.396 [main] INFO  - Product found in raw1Samsung galaxy s6
12:31:56.396 [main] INFO  - Product found in the cartSamsung galaxy s6
12:31:57.936 [main] INFO  -  Before Driver is initialize in the hooks..........
12:31:57.936 [main] INFO  - Driver initialized in Hooks successfully: ChromeDriver: chrome on windows (ee954a9c20a49421b1d556f6432df8b8)
12:31:57.936 [main] INFO  - App URL From Propertieshttps://www.demoblaze.com/index.html
12:31:59.777 [main] INFO  -  Navigating to URL .........
12:31:59.863 [main] INFO  -  Before hooks setup completed..........
12:31:59.948 [main] INFO  - The Page is loaded completely and Logo is displayed true
12:32:03.044 [main] INFO  - Alert found...
12:32:05.068 [main] INFO  - Product found in raw1Sony xperia z5
12:32:05.068 [main] INFO  - Product found in the cartSony xperia z5
12:32:05.228 [main] INFO  - Product found in the cart with correct price Sony xperia z5 320
12:32:06.961 [main] INFO  -  Before Driver is initialize in the hooks..........
12:32:06.961 [main] INFO  - Driver initialized in Hooks successfully: ChromeDriver: chrome on windows (ee46455a050ad17f373d7556cce728ee)
12:32:06.961 [main] INFO  - App URL From Propertieshttps://www.demoblaze.com/index.html
12:32:08.310 [main] INFO  -  Navigating to URL .........
12:32:08.347 [main] INFO  -  Before hooks setup completed..........
12:32:08.421 [main] INFO  - The Page is loaded completely and Logo is displayed true
12:32:11.744 [main] INFO  - Alert found...
12:32:13.880 [main] INFO  - Product found in the cart with correct price Sony xperia z5 320
12:32:15.460 [main] INFO  -  Before Driver is initialize in the hooks..........
12:32:15.460 [main] INFO  - Driver initialized in Hooks successfully: ChromeDriver: chrome on windows (62c02fdaba06dce0c8c921cbcbfb5d80)
12:32:15.460 [main] INFO  - App URL From Propertieshttps://www.demoblaze.com/index.html
12:32:15.722 [main] INFO  -  Navigating to URL .........
12:32:16.582 [main] INFO  -  Before hooks setup completed..........
12:32:16.693 [main] INFO  - The Page is loaded completely and Logo is displayed true
12:32:19.861 [main] INFO  - Alert found...
12:34:57.380 [main] INFO  -  Before Driver is initialize in the hooks..........
12:34:57.383 [main] INFO  - Driver initialized in Hooks successfully: ChromeDriver: chrome on windows (6f8f892e64de323405ee61b1c28c729f)
12:34:57.383 [main] INFO  - App URL From Propertieshttps://www.demoblaze.com/index.html
12:34:58.724 [main] INFO  -  Navigating to URL .........
12:34:58.810 [main] INFO  -  Before hooks setup completed..........
12:34:59.026 [main] INFO  - The Page is loaded completely and Logo is displayed true
12:35:02.268 [main] INFO  - Alert found...
12:35:04.227 [main] INFO  - Product found in raw1Sony xperia z5
12:35:04.227 [main] INFO  - Product found in the cartSony xperia z5
12:35:06.356 [main] INFO  -  Before Driver is initialize in the hooks..........
12:35:06.356 [main] INFO  - Driver initialized in Hooks successfully: ChromeDriver: chrome on windows (95645a83b85463459acdb59c86f6e016)
12:35:06.356 [main] INFO  - App URL From Propertieshttps://www.demoblaze.com/index.html
12:35:07.607 [main] INFO  -  Navigating to URL .........
12:35:07.654 [main] INFO  -  Before hooks setup completed..........
12:35:07.768 [main] INFO  - The Page is loaded completely and Logo is displayed true
12:35:13.553 [main] INFO  - Alert found...
12:35:15.420 [main] INFO  - Product found in raw1Samsung galaxy s6
12:35:15.420 [main] INFO  - Product found in the cartSamsung galaxy s6
12:35:17.079 [main] INFO  -  Before Driver is initialize in the hooks..........
12:35:17.080 [main] INFO  - Driver initialized in Hooks successfully: ChromeDriver: chrome on windows (7049a953935cdfc626cdb1ace3c18913)
12:35:17.080 [main] INFO  - App URL From Propertieshttps://www.demoblaze.com/index.html
12:35:18.580 [main] INFO  -  Navigating to URL .........
12:35:18.624 [main] INFO  -  Before hooks setup completed..........
12:35:18.695 [main] INFO  - The Page is loaded completely and Logo is displayed true
12:35:21.954 [main] INFO  - Alert found...
12:35:24.051 [main] INFO  - Product found in raw1Sony xperia z5
12:35:24.051 [main] INFO  - Product found in the cartSony xperia z5
12:35:24.201 [main] INFO  - Product found in the cart with correct price Sony xperia z5 320
12:35:25.934 [main] INFO  -  Before Driver is initialize in the hooks..........
12:35:25.935 [main] INFO  - Driver initialized in Hooks successfully: ChromeDriver: chrome on windows (a022a269bf19dbc8f86ab8cb522d5bb5)
12:35:25.935 [main] INFO  - App URL From Propertieshttps://www.demoblaze.com/index.html
12:35:27.243 [main] INFO  -  Navigating to URL .........
12:35:27.276 [main] INFO  -  Before hooks setup completed..........
12:35:27.401 [main] INFO  - The Page is loaded completely and Logo is displayed true
12:35:30.576 [main] INFO  - Alert found...
12:35:32.565 [main] INFO  - Product found in the cart with correct price Sony xperia z5 320
12:35:34.326 [main] INFO  -  Before Driver is initialize in the hooks..........
12:35:34.326 [main] INFO  - Driver initialized in Hooks successfully: ChromeDriver: chrome on windows (11b6c7aef7570b7c79798cd6f298e410)
12:35:34.326 [main] INFO  - App URL From Propertieshttps://www.demoblaze.com/index.html
12:35:35.514 [main] INFO  -  Navigating to URL .........
12:35:35.539 [main] INFO  -  Before hooks setup completed..........
12:35:35.614 [main] INFO  - The Page is loaded completely and Logo is displayed true
12:35:38.936 [main] INFO  - Alert found...
14:17:14.082 [main] INFO  -  Before Driver is initialize in the hooks..........
14:17:14.085 [main] INFO  - Driver initialized in Hooks successfully: ChromeDriver: chrome on windows (b105e23084077c206d5d2ccf435c4f89)
14:17:14.085 [main] INFO  - App URL From Propertieshttps://www.demoblaze.com/index.html
14:17:15.481 [main] INFO  -  Navigating to URL .........
14:17:15.562 [main] INFO  -  Before hooks setup completed..........
14:17:15.747 [main] INFO  - The Page is loaded completely and Logo is displayed true
14:17:19.078 [main] INFO  - Alert found...
14:17:21.423 [main] INFO  - Product found in raw1Sony xperia z5
14:17:21.423 [main] INFO  - Product found in the cartSony xperia z5
14:17:23.967 [main] INFO  -  Before Driver is initialize in the hooks..........
14:17:23.968 [main] INFO  - Driver initialized in Hooks successfully: ChromeDriver: chrome on windows (39868f13ea3f57a51c39e316f7fe42d4)
14:17:23.968 [main] INFO  - App URL From Propertieshttps://www.demoblaze.com/index.html
14:17:25.426 [main] INFO  -  Navigating to URL .........
14:17:25.496 [main] INFO  -  Before hooks setup completed..........
14:17:25.600 [main] INFO  - The Page is loaded completely and Logo is displayed true
14:17:31.661 [main] INFO  - Alert found...
14:17:33.725 [main] INFO  - Product found in raw1Samsung galaxy s6
14:17:33.726 [main] INFO  - Product found in the cartSamsung galaxy s6
14:17:35.464 [main] INFO  -  Before Driver is initialize in the hooks..........
14:17:35.465 [main] INFO  - Driver initialized in Hooks successfully: ChromeDriver: chrome on windows (4ad38ecab56b1583f4d56061cd675d5f)
14:17:35.465 [main] INFO  - App URL From Propertieshttps://www.demoblaze.com/index.html
14:17:36.640 [main] INFO  -  Navigating to URL .........
14:17:36.682 [main] INFO  -  Before hooks setup completed..........
14:17:36.812 [main] INFO  - The Page is loaded completely and Logo is displayed true
14:17:40.042 [main] INFO  - Alert found...
14:17:42.190 [main] INFO  - Product found in raw1Sony xperia z5
14:17:42.190 [main] INFO  - Product found in the cartSony xperia z5
14:17:42.345 [main] INFO  - Product found in the cart with correct price Sony xperia z5 320
14:17:44.365 [main] INFO  -  Before Driver is initialize in the hooks..........
14:17:44.366 [main] INFO  - Driver initialized in Hooks successfully: ChromeDriver: chrome on windows (5ea1dc223c4f73cf72d53d5354775de6)
14:17:44.366 [main] INFO  - App URL From Propertieshttps://www.demoblaze.com/index.html
14:17:44.614 [main] INFO  -  Navigating to URL .........
14:17:45.478 [main] INFO  -  Before hooks setup completed..........
14:17:45.620 [main] INFO  - The Page is loaded completely and Logo is displayed true
14:17:48.716 [main] INFO  - Alert found...
14:17:50.793 [main] INFO  - Product found in the cart with correct price Sony xperia z5 320
14:17:52.309 [main] INFO  -  Before Driver is initialize in the hooks..........
14:17:52.309 [main] INFO  - Driver initialized in Hooks successfully: ChromeDriver: chrome on windows (286ff115d1cd76e075259dc346904bbf)
14:17:52.309 [main] INFO  - App URL From Propertieshttps://www.demoblaze.com/index.html
14:17:53.660 [main] INFO  -  Navigating to URL .........
14:17:53.722 [main] INFO  -  Before hooks setup completed..........
14:17:53.844 [main] INFO  - The Page is loaded completely and Logo is displayed true
14:17:56.975 [main] INFO  - Alert found...
14:20:32.887 [main] INFO  -  Before Driver is initialize in the hooks..........
14:20:32.890 [main] INFO  - Driver initialized in Hooks successfully: ChromeDriver: chrome on windows (691830919df968f3a5c2b289fd192dad)
14:20:32.890 [main] INFO  - App URL From Propertieshttps://www.demoblaze.com/index.html
14:20:34.203 [main] INFO  -  Navigating to URL .........
14:20:34.291 [main] INFO  -  Before hooks setup completed..........
14:20:34.468 [main] INFO  - The Page is loaded completely and Logo is displayed true
14:20:37.568 [main] INFO  - Alert found...
14:20:39.565 [main] INFO  - Product found in raw1Sony xperia z5
14:20:39.565 [main] INFO  - Product found in the cartSony xperia z5
14:20:41.299 [main] INFO  -  Before Driver is initialize in the hooks..........
14:20:41.299 [main] INFO  - Driver initialized in Hooks successfully: ChromeDriver: chrome on windows (18a29bb677f108410db477be128ebc05)
14:20:41.299 [main] INFO  - App URL From Propertieshttps://www.demoblaze.com/index.html
14:20:41.823 [main] INFO  -  Navigating to URL .........
14:20:42.667 [main] INFO  -  Before hooks setup completed..........
14:20:42.755 [main] INFO  - The Page is loaded completely and Logo is displayed true
14:20:48.957 [main] INFO  - Alert found...
14:20:50.823 [main] INFO  - Product found in raw1Samsung galaxy s6
14:20:50.823 [main] INFO  - Product found in the cartSamsung galaxy s6
14:20:52.357 [main] INFO  -  Before Driver is initialize in the hooks..........
14:20:52.357 [main] INFO  - Driver initialized in Hooks successfully: ChromeDriver: chrome on windows (5baa8fc84deb1e276cd7df5432158367)
14:20:52.358 [main] INFO  - App URL From Propertieshttps://www.demoblaze.com/index.html
14:20:53.891 [main] INFO  -  Navigating to URL .........
14:20:53.940 [main] INFO  -  Before hooks setup completed..........
14:20:54.061 [main] INFO  - The Page is loaded completely and Logo is displayed true
14:20:57.110 [main] INFO  - Alert found...
14:20:59.190 [main] INFO  - Product found in raw1Sony xperia z5
14:20:59.190 [main] INFO  - Product found in the cartSony xperia z5
14:20:59.385 [main] INFO  - Product found in the cart with correct price Sony xperia z5 320
14:21:01.171 [main] INFO  -  Before Driver is initialize in the hooks..........
14:21:01.172 [main] INFO  - Driver initialized in Hooks successfully: ChromeDriver: chrome on windows (a5d801f9754077cf30a1b1cfc35b1b50)
14:21:01.172 [main] INFO  - App URL From Propertieshttps://www.demoblaze.com/index.html
14:21:02.623 [main] INFO  -  Navigating to URL .........
14:21:02.721 [main] INFO  -  Before hooks setup completed..........
14:21:02.860 [main] INFO  - The Page is loaded completely and Logo is displayed true
14:21:05.984 [main] INFO  - Alert found...
14:21:08.013 [main] INFO  - Product found in the cart with correct price Sony xperia z5 320
14:21:09.542 [main] INFO  -  Before Driver is initialize in the hooks..........
14:21:09.542 [main] INFO  - Driver initialized in Hooks successfully: ChromeDriver: chrome on windows (83c712bfdf8f592e3302d8024f2df926)
14:21:09.542 [main] INFO  - App URL From Propertieshttps://www.demoblaze.com/index.html
14:21:10.952 [main] INFO  -  Navigating to URL .........
14:21:10.988 [main] INFO  -  Before hooks setup completed..........
14:21:11.125 [main] INFO  - The Page is loaded completely and Logo is displayed true
14:21:14.239 [main] INFO  - Alert found...
10:32:27.870 [main] INFO  -  Before Driver is initialize in the hooks..........
10:32:27.870 [main] INFO  - Driver initialized in Hooks successfully: ChromeDriver: chrome on windows (db276ae5705ba08512a94f2ebb7f977a)
10:32:27.870 [main] INFO  - App URL From Propertieshttps://www.demoblaze.com/index.html
10:32:29.250 [main] INFO  -  Navigating to URL .........
10:32:29.315 [main] INFO  -  Before hooks setup completed..........
10:32:29.544 [main] INFO  - The Page is loaded completely and Logo is displayed true
10:32:32.750 [main] INFO  - Alert found...
10:32:34.741 [main] INFO  - Product found in raw1Sony xperia z5
10:32:34.742 [main] INFO  - Product found in the cartSony xperia z5
10:32:36.446 [main] INFO  -  Before Driver is initialize in the hooks..........
10:32:36.446 [main] INFO  - Driver initialized in Hooks successfully: ChromeDriver: chrome on windows (87f77287a19dedb1fa30faf9e27723f0)
10:32:36.446 [main] INFO  - App URL From Propertieshttps://www.demoblaze.com/index.html
10:32:39.083 [main] INFO  -  Navigating to URL .........
10:32:39.217 [main] INFO  -  Before hooks setup completed..........
10:32:39.336 [main] INFO  - The Page is loaded completely and Logo is displayed true
10:32:45.458 [main] INFO  - Alert found...
10:32:47.409 [main] INFO  - Product found in raw1Samsung galaxy s6
10:32:47.409 [main] INFO  - Product found in the cartSamsung galaxy s6
10:32:50.233 [main] INFO  -  Before Driver is initialize in the hooks..........
10:32:50.233 [main] INFO  - Driver initialized in Hooks successfully: ChromeDriver: chrome on windows (437349aa5ea6069f05be27177c5128f0)
10:32:50.233 [main] INFO  - App URL From Propertieshttps://www.demoblaze.com/index.html
10:32:51.977 [main] INFO  -  Navigating to URL .........
10:32:52.014 [main] INFO  -  Before hooks setup completed..........
10:32:52.164 [main] INFO  - The Page is loaded completely and Logo is displayed true
10:32:55.657 [main] INFO  - Alert found...
10:32:57.644 [main] INFO  - Product found in raw1Sony xperia z5
10:32:57.644 [main] INFO  - Product found in the cartSony xperia z5
10:32:57.820 [main] INFO  - Product found in the cart with correct price Sony xperia z5 320
10:32:59.790 [main] INFO  -  Before Driver is initialize in the hooks..........
10:32:59.790 [main] INFO  - Driver initialized in Hooks successfully: ChromeDriver: chrome on windows (037c9ff8be1859ccc9121c03e56ff864)
10:32:59.790 [main] INFO  - App URL From Propertieshttps://www.demoblaze.com/index.html
10:33:02.173 [main] INFO  -  Navigating to URL .........
10:33:02.222 [main] INFO  -  Before hooks setup completed..........
10:33:02.332 [main] INFO  - The Page is loaded completely and Logo is displayed true
10:33:05.397 [main] INFO  - Alert found...
10:33:07.370 [main] INFO  - Product found in the cart with correct price Sony xperia z5 320
10:33:09.814 [main] INFO  -  Before Driver is initialize in the hooks..........
10:33:09.814 [main] INFO  - Driver initialized in Hooks successfully: ChromeDriver: chrome on windows (e552a3cb69421a66fa6910ac2bd7635c)
10:33:09.814 [main] INFO  - App URL From Propertieshttps://www.demoblaze.com/index.html
10:33:11.541 [main] INFO  -  Navigating to URL .........
10:33:11.608 [main] INFO  -  Before hooks setup completed..........
10:33:11.690 [main] INFO  - The Page is loaded completely and Logo is displayed true
10:33:14.658 [main] INFO  - Alert found...
10:33:49.116 [main] INFO  -  Before Driver is initialize in the hooks..........
10:33:49.117 [main] INFO  - Driver initialized in Hooks successfully: ChromeDriver: chrome on windows (39e87a9d40894acd69749b07db60c9c0)
10:33:49.117 [main] INFO  - App URL From Propertieshttps://www.demoblaze.com/index.html
10:33:50.583 [main] INFO  -  Navigating to URL .........
10:33:50.654 [main] INFO  -  Before hooks setup completed..........
10:33:50.737 [main] INFO  - The Page is loaded completely and Logo is displayed true
10:33:53.827 [main] INFO  - Alert found...
10:33:56.285 [main] INFO  - Alert found...
10:38:21.156 [main] INFO  -  Before Driver is initialize in the hooks..........
10:38:21.161 [main] INFO  - Driver initialized in Hooks successfully: ChromeDriver: chrome on windows (5c4f9c20a6b7d59c27bd993fdf632d6b)
10:38:21.161 [main] INFO  - App URL From Propertieshttps://www.demoblaze.com/index.html
10:38:22.573 [main] INFO  -  Navigating to URL .........
10:38:22.649 [main] INFO  -  Before hooks setup completed..........
10:38:22.842 [main] INFO  - The Page is loaded completely and Logo is displayed true
10:38:26.609 [main] INFO  - Alert found...
10:38:28.742 [main] INFO  - Alert found...
10:42:47.618 [main] INFO  -  Before Driver is initialize in the hooks..........
10:42:47.621 [main] INFO  - Driver initialized in Hooks successfully: ChromeDriver: chrome on windows (5fa674e1a8019142ddc00d7750880e71)
10:42:47.621 [main] INFO  - App URL From Propertieshttps://www.demoblaze.com/index.html
10:42:48.842 [main] INFO  -  Navigating to URL .........
10:42:48.896 [main] INFO  -  Before hooks setup completed..........
10:42:49.101 [main] INFO  - The Page is loaded completely and Logo is displayed true
10:42:52.154 [main] INFO  - Alert found...
10:42:54.658 [main] INFO  - Alert found...
10:42:56.840 [main] INFO  - Product found in the row 1Samsung galaxy s7
11:22:11.617 [main] INFO  -  Before Driver is initialize in the hooks..........
11:22:11.621 [main] INFO  - Driver initialized in Hooks successfully: ChromeDriver: chrome on windows (f597363819a639347576d0f7e626ac9d)
11:22:11.621 [main] INFO  - App URL From Propertieshttps://www.demoblaze.com/index.html
11:22:12.598 [main] INFO  -  Navigating to URL .........
11:56:29.949 [main] INFO  -  Before Driver is initialize in the hooks..........
11:56:29.952 [main] INFO  - Driver initialized in Hooks successfully: ChromeDriver: chrome on windows (1fa5a32629bf9a3df5ffe096778dd4a0)
11:56:29.952 [main] INFO  - App URL From Propertieshttps://www.demoblaze.com/index.html
11:56:31.437 [main] INFO  -  Navigating to URL .........
11:56:31.535 [main] INFO  -  Before hooks setup completed..........
11:56:31.807 [main] INFO  - The Page is loaded completely and Logo is displayed true
11:56:35.349 [main] INFO  - Alert found...
11:56:41.291 [main] INFO  -  Before Driver is initialize in the hooks..........
11:56:41.291 [main] INFO  - Driver initialized in Hooks successfully: ChromeDriver: chrome on windows (c9ca432dcff03948ef64daad998c3933)
11:56:41.293 [main] INFO  - App URL From Propertieshttps://www.demoblaze.com/index.html
11:56:43.763 [main] INFO  -  Navigating to URL .........
11:56:43.984 [main] INFO  -  Before hooks setup completed..........
11:56:44.075 [main] INFO  - The Page is loaded completely and Logo is displayed true
11:56:52.371 [main] INFO  - Alert found...
11:56:54.672 [main] INFO  - Product found in raw1Samsung galaxy s6
11:56:54.673 [main] INFO  - Product found in the cartSamsung galaxy s6
11:56:57.839 [main] INFO  -  Before Driver is initialize in the hooks..........
11:56:57.840 [main] INFO  - Driver initialized in Hooks successfully: ChromeDriver: chrome on windows (d28171a65abd5a9f195d14251d9aa41e)
11:56:57.840 [main] INFO  - App URL From Propertieshttps://www.demoblaze.com/index.html
11:56:59.369 [main] INFO  -  Navigating to URL .........
11:56:59.418 [main] INFO  -  Before hooks setup completed..........
11:56:59.525 [main] INFO  - The Page is loaded completely and Logo is displayed true
11:57:02.479 [main] INFO  - Alert found...
11:57:04.961 [main] INFO  - Product found in raw1Sony xperia z5
11:57:04.961 [main] INFO  - Product found in the cartSony xperia z5
11:57:05.378 [main] INFO  - Product found in the cart with correct price Sony xperia z5 320
11:57:09.866 [main] INFO  -  Before Driver is initialize in the hooks..........
11:57:09.867 [main] INFO  - Driver initialized in Hooks successfully: ChromeDriver: chrome on windows (ddd3ae699f9e76808ef83249eee7344c)
11:57:09.867 [main] INFO  - App URL From Propertieshttps://www.demoblaze.com/index.html
11:57:11.425 [main] INFO  -  Navigating to URL .........
11:57:11.491 [main] INFO  -  Before hooks setup completed..........
11:57:11.593 [main] INFO  - The Page is loaded completely and Logo is displayed true
11:57:14.931 [main] INFO  - Alert found...
11:57:16.806 [main] INFO  - Product found in raw1Sony xperia z5
11:57:16.806 [main] INFO  - Product found in the cartSony xperia z5
11:57:16.980 [main] INFO  - Product price does not match Product Name 320
11:57:18.307 [main] INFO  -  Before Driver is initialize in the hooks..........
11:57:18.308 [main] INFO  - Driver initialized in Hooks successfully: ChromeDriver: chrome on windows (a9b4ab98ac5511c4b707747b6514a58d)
11:57:18.308 [main] INFO  - App URL From Propertieshttps://www.demoblaze.com/index.html
11:57:19.523 [main] INFO  -  Navigating to URL .........
11:57:19.558 [main] INFO  -  Before hooks setup completed..........
11:57:19.626 [main] INFO  - The Page is loaded completely and Logo is displayed true
11:57:21.908 [main] INFO  -  Before Driver is initialize in the hooks..........
11:57:21.908 [main] INFO  - Driver initialized in Hooks successfully: ChromeDriver: chrome on windows (66e541ee3d0f941d734b1e9d2768b050)
11:57:21.908 [main] INFO  - App URL From Propertieshttps://www.demoblaze.com/index.html
11:57:23.405 [main] INFO  -  Navigating to URL .........
11:57:23.515 [main] INFO  -  Before hooks setup completed..........
11:57:23.613 [main] INFO  - The Page is loaded completely and Logo is displayed true
11:57:26.725 [main] INFO  - Alert found...
11:57:28.661 [main] INFO  - Product found in the cart with correct price Sony xperia z5 320
11:57:30.355 [main] INFO  -  Before Driver is initialize in the hooks..........
11:57:30.355 [main] INFO  - Driver initialized in Hooks successfully: ChromeDriver: chrome on windows (e60ad4d9d800b89af452a77039a2bbc0)
11:57:30.356 [main] INFO  - App URL From Propertieshttps://www.demoblaze.com/index.html
11:57:32.095 [main] INFO  -  Navigating to URL .........
11:57:32.207 [main] INFO  -  Before hooks setup completed..........
11:57:32.305 [main] INFO  - The Page is loaded completely and Logo is displayed true
11:57:35.289 [main] INFO  - Alert found...
11:58:09.915 [main] INFO  -  Before Driver is initialize in the hooks..........
11:58:09.916 [main] INFO  - Driver initialized in Hooks successfully: ChromeDriver: chrome on windows (035b952e42591d3fa986358fca015db5)
11:58:09.916 [main] INFO  - App URL From Propertieshttps://www.demoblaze.com/index.html
11:58:11.300 [main] INFO  -  Navigating to URL .........
11:58:11.371 [main] INFO  -  Before hooks setup completed..........
11:58:11.468 [main] INFO  - The Page is loaded completely and Logo is displayed true
11:58:14.419 [main] INFO  - Alert found...
11:58:16.573 [main] INFO  - Alert found...
11:58:18.738 [main] INFO  - Product found in the row 1Samsung galaxy s7
11:58:54.880 [main] INFO  -  Before Driver is initialize in the hooks..........
11:58:54.882 [main] INFO  - Driver initialized in Hooks successfully: ChromeDriver: chrome on windows (7596e605c4db3d2734597e4d2a07e03f)
11:58:54.882 [main] INFO  - App URL From Propertieshttps://www.demoblaze.com/index.html
11:58:56.037 [main] INFO  -  Navigating to URL .........
11:58:56.093 [main] INFO  -  Before hooks setup completed..........
11:58:56.282 [main] INFO  - The Page is loaded completely and Logo is displayed true
11:58:59.264 [main] INFO  - Alert found...
11:59:01.328 [main] INFO  - Product found in raw1Sony xperia z5
11:59:01.328 [main] INFO  - Product found in the cartSony xperia z5
11:59:01.509 [main] INFO  - Product price does not match Product Name 320
11:59:05.513 [main] INFO  -  Before Driver is initialize in the hooks..........
11:59:05.514 [main] INFO  - Driver initialized in Hooks successfully: ChromeDriver: chrome on windows (276bb9b99629f1da914e38a97955eba6)
11:59:05.514 [main] INFO  - App URL From Propertieshttps://www.demoblaze.com/index.html
11:59:06.044 [main] INFO  -  Navigating to URL .........
11:59:06.990 [main] INFO  -  Before hooks setup completed..........
11:59:07.079 [main] INFO  - The Page is loaded completely and Logo is displayed true
11:59:08.886 [main] INFO  -  Before Driver is initialize in the hooks..........
11:59:08.886 [main] INFO  - Driver initialized in Hooks successfully: ChromeDriver: chrome on windows (b704d9b381fb5461ccd3da3784522c4b)
11:59:08.886 [main] INFO  - App URL From Propertieshttps://www.demoblaze.com/index.html
11:59:10.418 [main] INFO  -  Navigating to URL .........
11:59:10.516 [main] INFO  -  Before hooks setup completed..........
11:59:10.707 [main] INFO  - The Page is loaded completely and Logo is displayed true
11:59:13.713 [main] INFO  - Alert found...
11:59:15.801 [main] INFO  - Alert found...
11:59:17.940 [main] INFO  - Product found in the row 1Iphone 6 32gb
12:01:42.983 [main] INFO  -  Before Driver is initialize in the hooks..........
12:01:42.985 [main] INFO  - Driver initialized in Hooks successfully: ChromeDriver: chrome on windows (496df59aaaeb3c75abf5ebaa46750318)
12:01:42.985 [main] INFO  - App URL From Propertieshttps://www.demoblaze.com/index.html
12:01:44.325 [main] INFO  -  Navigating to URL .........
12:01:44.443 [main] INFO  -  Before hooks setup completed..........
12:01:44.637 [main] INFO  - The Page is loaded completely and Logo is displayed true
12:01:47.754 [main] INFO  - Alert found...
12:01:49.658 [main] INFO  - Product found in raw1Sony xperia z5
12:01:49.658 [main] INFO  - Product found in the cartSony xperia z5
12:01:49.839 [main] INFO  - Product price does not match Product Name 320
12:01:53.182 [main] INFO  -  Before Driver is initialize in the hooks..........
12:01:53.182 [main] INFO  - Driver initialized in Hooks successfully: ChromeDriver: chrome on windows (5bc036ab88ee1c075d78a83b8e79330f)
12:01:53.182 [main] INFO  - App URL From Propertieshttps://www.demoblaze.com/index.html
12:01:54.846 [main] INFO  -  Navigating to URL .........
12:01:54.904 [main] INFO  -  Before hooks setup completed..........
12:01:55.032 [main] INFO  - The Page is loaded completely and Logo is displayed true
12:01:58.083 [main] INFO  - Alert found...
12:02:00.147 [main] INFO  - Product found in raw1Samsung galaxy s7
12:02:00.148 [main] INFO  - Product found in the cartSamsung galaxy s7
12:02:00.317 [main] INFO  - Product price does not match Product Name 800
12:02:02.663 [main] INFO  -  Before Driver is initialize in the hooks..........
12:02:02.663 [main] INFO  - Driver initialized in Hooks successfully: ChromeDriver: chrome on windows (ea18878e6376a053dafbe9fef708418c)
12:02:02.663 [main] INFO  - App URL From Propertieshttps://www.demoblaze.com/index.html
12:02:03.903 [main] INFO  -  Navigating to URL .........
12:02:03.989 [main] INFO  -  Before hooks setup completed..........
12:02:04.063 [main] INFO  - The Page is loaded completely and Logo is displayed true
12:02:07.597 [main] INFO  - Alert found...
12:02:09.670 [main] INFO  - Alert found...
12:02:11.822 [main] INFO  - Product found in the row 1Samsung galaxy s7
12:03:32.747 [main] INFO  -  Before Driver is initialize in the hooks..........
12:03:32.749 [main] INFO  - Driver initialized in Hooks successfully: ChromeDriver: chrome on windows (a73d526c662480d948ca99656c0dbb71)
12:03:32.749 [main] INFO  - App URL From Propertieshttps://www.demoblaze.com/index.html
12:03:33.945 [main] INFO  -  Navigating to URL .........
12:03:33.984 [main] INFO  -  Before hooks setup completed..........
12:03:34.177 [main] INFO  - The Page is loaded completely and Logo is displayed true
12:03:37.035 [main] INFO  - Alert found...
12:03:38.986 [main] INFO  - Product found in raw1Sony xperia z5
12:03:38.986 [main] INFO  - Product found in the cartSony xperia z5
12:03:39.150 [main] INFO  - Product found in the cart with correct price Sony xperia z5 320
12:03:41.296 [main] INFO  -  Before Driver is initialize in the hooks..........
12:03:41.296 [main] INFO  - Driver initialized in Hooks successfully: ChromeDriver: chrome on windows (91dd7dd5f1e61aeb890a063e90bd0e53)
12:03:41.296 [main] INFO  - App URL From Propertieshttps://www.demoblaze.com/index.html
12:03:41.765 [main] INFO  -  Navigating to URL .........
12:03:42.955 [main] INFO  -  Before hooks setup completed..........
12:03:43.045 [main] INFO  - The Page is loaded completely and Logo is displayed true
12:03:46.308 [main] INFO  - Alert found...
12:03:48.094 [main] INFO  - Product found in raw1Samsung galaxy s7
12:03:48.095 [main] INFO  - Product found in the cartSamsung galaxy s7
12:03:48.249 [main] INFO  - Product found in the cart with correct price Samsung galaxy s7 800
12:03:49.939 [main] INFO  -  Before Driver is initialize in the hooks..........
12:03:49.939 [main] INFO  - Driver initialized in Hooks successfully: ChromeDriver: chrome on windows (42b0371820b0f87fb6fc684745ed5fd9)
12:03:49.939 [main] INFO  - App URL From Propertieshttps://www.demoblaze.com/index.html
12:03:51.462 [main] INFO  -  Navigating to URL .........
12:03:51.580 [main] INFO  -  Before hooks setup completed..........
12:03:51.727 [main] INFO  - The Page is loaded completely and Logo is displayed true
12:03:54.839 [main] INFO  - Alert found...
12:03:57.179 [main] INFO  - Alert found...
12:03:59.090 [main] INFO  - Product found in the row 1Samsung galaxy s7
12:07:57.083 [main] INFO  -  Before Driver is initialize in the hooks..........
12:07:57.085 [main] INFO  - Driver initialized in Hooks successfully: ChromeDriver: chrome on windows (78cec9a0abf22de46a59614210fcfe0b)
12:07:57.086 [main] INFO  - App URL From Propertieshttps://www.demoblaze.com/index.html
12:07:58.538 [main] INFO  -  Navigating to URL .........
12:07:58.586 [main] INFO  -  Before hooks setup completed..........
12:07:58.789 [main] INFO  - The Page is loaded completely and Logo is displayed true
12:08:01.803 [main] INFO  - Alert found...
12:08:03.853 [main] INFO  - Product found in raw1Sony xperia z5
12:08:03.853 [main] INFO  - Product found in the cartSony xperia z5
12:08:04.022 [main] INFO  - Product found in the cart with correct price Sony xperia z5 320
12:08:07.288 [main] INFO  -  Before Driver is initialize in the hooks..........
12:08:07.288 [main] INFO  - Driver initialized in Hooks successfully: ChromeDriver: chrome on windows (1815dd5d350a3c1737a6059c7e4181f1)
12:08:07.288 [main] INFO  - App URL From Propertieshttps://www.demoblaze.com/index.html
12:08:07.742 [main] INFO  -  Navigating to URL .........
12:08:08.670 [main] INFO  -  Before hooks setup completed..........
12:08:08.800 [main] INFO  - The Page is loaded completely and Logo is displayed true
12:08:11.920 [main] INFO  - Alert found...
12:08:13.712 [main] INFO  - Product found in raw1Samsung galaxy s7
12:08:13.712 [main] INFO  - Product found in the cartSamsung galaxy s7
12:08:13.893 [main] INFO  - Product found in the cart with correct price Samsung galaxy s7 800
15:18:46.911 [main] INFO  -  Before Driver is initialize in the hooks..........
15:18:46.914 [main] INFO  - Driver initialized in Hooks successfully: ChromeDriver: chrome on windows (498a13fea1004c5961ae8ab852bfc52e)
15:18:46.914 [main] INFO  - App URL From Propertieshttps://www.demoblaze.com/index.html
15:18:48.629 [main] INFO  -  Navigating to URL .........
15:18:48.678 [main] INFO  -  Before hooks setup completed..........
15:18:48.881 [main] INFO  - The Page is loaded completely and Logo is displayed true
15:22:03.927 [main] INFO  -  Before Driver is initialize in the hooks..........
15:22:03.929 [main] INFO  - Driver initialized in Hooks successfully: ChromeDriver: chrome on windows (84fb06923cc2d83576366d653f6f7bab)
15:22:03.929 [main] INFO  - App URL From Propertieshttps://www.demoblaze.com/index.html
15:22:05.364 [main] INFO  -  Navigating to URL .........
15:22:05.411 [main] INFO  -  Before hooks setup completed..........
15:22:05.536 [main] INFO  - The Page is loaded completely and Logo is displayed true
15:24:18.921 [main] INFO  -  Before Driver is initialize in the hooks..........
15:24:18.923 [main] INFO  - Driver initialized in Hooks successfully: ChromeDriver: chrome on windows (57e1b96fdd65ee28235bcf68076ddb7d)
15:24:18.923 [main] INFO  - App URL From Propertieshttps://www.demoblaze.com/index.html
15:24:20.520 [main] INFO  -  Navigating to URL .........
15:24:20.596 [main] INFO  -  Before hooks setup completed..........
15:24:20.783 [main] INFO  - The Page is loaded completely and Logo is displayed true
15:28:56.341 [main] INFO  -  Before Driver is initialize in the hooks..........
15:28:56.343 [main] INFO  - Driver initialized in Hooks successfully: ChromeDriver: chrome on windows (a2313cd451d5d009e51da46429940887)
15:28:56.343 [main] INFO  - App URL From Propertieshttps://www.demoblaze.com/index.html
15:28:57.796 [main] INFO  -  Navigating to URL .........
15:28:57.843 [main] INFO  -  Before hooks setup completed..........
15:28:58.021 [main] INFO  - The Page is loaded completely and Logo is displayed true
15:29:01.761 [main] INFO  - Alert found...
15:29:04.259 [main] INFO  - Alert found...
15:31:30.471 [main] INFO  -  Before Driver is initialize in the hooks..........
15:31:30.474 [main] INFO  - Driver initialized in Hooks successfully: ChromeDriver: chrome on windows (14f8c91f43c7c915f53ecd645e3af64d)
15:31:30.474 [main] INFO  - App URL From Propertieshttps://www.demoblaze.com/index.html
15:31:31.752 [main] INFO  -  Navigating to URL .........
15:31:31.787 [main] INFO  -  Before hooks setup completed..........
15:31:31.962 [main] INFO  - The Page is loaded completely and Logo is displayed true
15:31:35.351 [main] INFO  - Alert found...
15:31:37.784 [main] INFO  - Alert found...
15:33:07.332 [main] INFO  -  Before Driver is initialize in the hooks..........
15:33:07.334 [main] INFO  - Driver initialized in Hooks successfully: ChromeDriver: chrome on windows (ac4b24e6cf6c9c77de2cf61c95f052f9)
15:33:07.335 [main] INFO  - App URL From Propertieshttps://www.demoblaze.com/index.html
15:33:08.631 [main] INFO  -  Navigating to URL .........
15:33:08.679 [main] INFO  -  Before hooks setup completed..........
15:33:08.860 [main] INFO  - The Page is loaded completely and Logo is displayed true
15:33:11.855 [main] INFO  - Alert found...
15:33:14.011 [main] INFO  - Alert found...
15:40:02.412 [main] INFO  -  Before Driver is initialize in the hooks..........
15:40:02.415 [main] INFO  - Driver initialized in Hooks successfully: ChromeDriver: chrome on windows (8cb6887dc88dd5b10db0ec7386b9e34c)
15:40:02.415 [main] INFO  - App URL From Propertieshttps://www.demoblaze.com/index.html
15:40:04.027 [main] INFO  -  Navigating to URL .........
15:40:04.074 [main] INFO  -  Before hooks setup completed..........
15:40:04.295 [main] INFO  - The Page is loaded completely and Logo is displayed true
15:40:07.442 [main] INFO  - Alert found...
15:40:09.495 [main] INFO  - Alert found...
15:45:48.283 [main] INFO  -  Before Driver is initialize in the hooks..........
15:45:48.285 [main] INFO  - Driver initialized in Hooks successfully: ChromeDriver: chrome on windows (2c2a61340d01dd4ce29afdfd93e51a35)
15:45:48.285 [main] INFO  - App URL From Propertieshttps://www.demoblaze.com/index.html
15:45:50.254 [main] INFO  -  Navigating to URL .........
15:45:50.357 [main] INFO  -  Before hooks setup completed..........
15:45:50.524 [main] INFO  - The Page is loaded completely and Logo is displayed true
15:45:53.823 [main] INFO  - Alert found...
15:45:55.921 [main] INFO  - Alert found...
15:46:40.546 [main] INFO  -  Before Driver is initialize in the hooks..........
15:46:40.549 [main] INFO  - Driver initialized in Hooks successfully: ChromeDriver: chrome on windows (c61dee93081963c5a094cd8e0df9475b)
15:46:40.549 [main] INFO  - App URL From Propertieshttps://www.demoblaze.com/index.html
15:46:41.851 [main] INFO  -  Navigating to URL .........
15:46:41.898 [main] INFO  -  Before hooks setup completed..........
15:46:42.047 [main] INFO  - The Page is loaded completely and Logo is displayed true
15:46:45.245 [main] INFO  - Alert found...
15:46:47.295 [main] INFO  - Alert found...
15:46:49.679 [main] INFO  - Product found in the row 1Samsung galaxy s7
09:11:52.636 [main] INFO  -  Before Driver is initialize in the hooks..........
09:11:52.639 [main] INFO  - Driver initialized in Hooks successfully: ChromeDriver: chrome on windows (617fa1034ce6799fefe1970decc039b2)
09:11:52.639 [main] INFO  - App URL From Propertieshttps://www.demoblaze.com/index.html
09:11:53.093 [main] INFO  -  Navigating to URL .........
09:11:54.138 [main] INFO  -  Before hooks setup completed..........
09:11:54.409 [main] INFO  - The Page is loaded completely and Logo is displayed true
09:11:57.898 [main] INFO  - Alert found...
09:11:59.973 [main] INFO  - Alert found...
09:12:02.268 [main] INFO  - Product found in the row 1Samsung galaxy s7
09:24:32.412 [main] INFO  -  Before Driver is initialize in the hooks..........
09:24:32.417 [main] INFO  - Driver initialized in Hooks successfully: ChromeDriver: chrome on windows (2946d0866a6eec3a0c45d509a7ee8f21)
09:24:32.417 [main] INFO  - App URL From Propertieshttps://www.demoblaze.com/index.html
09:24:33.613 [main] INFO  -  Navigating to URL .........
09:24:33.698 [main] INFO  -  Before hooks setup completed..........
09:24:33.870 [main] INFO  - The Page is loaded completely and Logo is displayed true
09:24:37.002 [main] INFO  - Alert found...
09:24:39.437 [main] INFO  - Alert found...
09:24:41.737 [main] INFO  - Product found in the row 1Sony xperia z5
09:26:23.878 [main] INFO  -  Before Driver is initialize in the hooks..........
09:26:23.881 [main] INFO  - Driver initialized in Hooks successfully: ChromeDriver: chrome on windows (b65e073c364a02410dcace96e9687a56)
09:26:23.881 [main] INFO  - App URL From Propertieshttps://www.demoblaze.com/index.html
09:26:25.257 [main] INFO  -  Navigating to URL .........
09:26:25.323 [main] INFO  -  Before hooks setup completed..........
09:26:25.569 [main] INFO  - The Page is loaded completely and Logo is displayed true
09:26:28.631 [main] INFO  - Alert found...
09:26:30.731 [main] INFO  - Alert found...
09:26:32.957 [main] INFO  - Product found in the row 1Samsung galaxy s7
11:42:05.560 [main] INFO  -  Before Driver is initialize in the hooks..........
11:42:05.560 [main] INFO  - Driver initialized in Hooks successfully: ChromeDriver: chrome on windows (6a9f2966bc78ee9a431af3a9e8f71e63)
11:42:05.560 [main] INFO  - App URL From Propertieshttps://www.demoblaze.com/index.html
11:42:07.091 [main] INFO  -  Navigating to URL .........
11:42:07.158 [main] INFO  -  Before hooks setup completed..........
11:42:07.338 [main] INFO  - The Page is loaded completely and Logo is displayed true
11:42:10.715 [main] INFO  - Alert found...
11:42:12.982 [main] INFO  - Alert found...
11:42:15.451 [main] INFO  - Product found in the row 1Sony xperia z5
11:44:15.757 [main] INFO  -  Before Driver is initialize in the hooks..........
11:44:15.762 [main] INFO  - Driver initialized in Hooks successfully: ChromeDriver: chrome on windows (b90a4cac56cf724ed8b164829d37fcc0)
11:44:15.762 [main] INFO  - App URL From Propertieshttps://www.demoblaze.com/index.html
11:44:16.943 [main] INFO  -  Navigating to URL .........
11:44:16.978 [main] INFO  -  Before hooks setup completed..........
11:44:17.164 [main] INFO  - The Page is loaded completely and Logo is displayed true
11:44:20.231 [main] INFO  - Alert found...
11:44:22.766 [main] INFO  - Alert found...
11:44:25.286 [main] INFO  - Product found in the row 1Sony xperia z5
11:46:02.534 [main] INFO  -  Before Driver is initialize in the hooks..........
11:46:02.537 [main] INFO  - Driver initialized in Hooks successfully: ChromeDriver: chrome on windows (72f66082a9f23d0246d7a5f5760c5910)
11:46:02.537 [main] INFO  - App URL From Propertieshttps://www.demoblaze.com/index.html
11:46:03.532 [main] INFO  -  Navigating to URL .........
11:46:03.567 [main] INFO  -  Before hooks setup completed..........
11:46:03.712 [main] INFO  - The Page is loaded completely and Logo is displayed true
11:46:07.108 [main] INFO  - Alert found...
11:46:09.796 [main] INFO  - Alert found...
11:46:12.152 [main] INFO  - Product found in the row 1Samsung galaxy s7
11:53:02.094 [main] INFO  -  Before Driver is initialize in the hooks..........
11:53:02.099 [main] INFO  - Driver initialized in Hooks successfully: ChromeDriver: chrome on windows (5e9468f19eb93e01a569964a39107990)
11:53:02.099 [main] INFO  - App URL From Propertieshttps://www.demoblaze.com/index.html
11:53:03.501 [main] INFO  -  Navigating to URL .........
11:53:03.571 [main] INFO  -  Before hooks setup completed..........
11:53:03.780 [main] INFO  - The Page is loaded completely and Logo is displayed true
11:53:06.949 [main] INFO  - Alert found...
11:53:09.064 [main] INFO  - Alert found...
11:53:11.405 [main] INFO  - Product found in the row 1Sony xperia z5
11:53:12.830 [main] INFO  - Checking order details ......
11:55:19.637 [main] INFO  -  Before Driver is initialize in the hooks..........
11:55:19.639 [main] INFO  - Driver initialized in Hooks successfully: ChromeDriver: chrome on windows (b13467bfb4c569b46e5f51b96570255a)
11:55:19.639 [main] INFO  - App URL From Propertieshttps://www.demoblaze.com/index.html
11:55:21.119 [main] INFO  -  Navigating to URL .........
11:55:21.185 [main] INFO  -  Before hooks setup completed..........
11:55:21.371 [main] INFO  - The Page is loaded completely and Logo is displayed true
11:55:24.435 [main] INFO  - Alert found...
11:55:26.496 [main] INFO  - Alert found...
11:55:28.805 [main] INFO  - Product found in the row 1Samsung galaxy s7
11:55:30.054 [main] INFO  - Checking order details ......
11:59:35.032 [main] INFO  -  Before Driver is initialize in the hooks..........
11:59:35.036 [main] INFO  - Driver initialized in Hooks successfully: ChromeDriver: chrome on windows (f612de02786a3d8d32241eecea7224f9)
11:59:35.036 [main] INFO  - App URL From Propertieshttps://www.demoblaze.com/index.html
11:59:36.302 [main] INFO  -  Navigating to URL .........
11:59:36.356 [main] INFO  -  Before hooks setup completed..........
11:59:36.517 [main] INFO  - The Page is loaded completely and Logo is displayed true
11:59:39.517 [main] INFO  - Alert found...
11:59:41.623 [main] INFO  - Alert found...
11:59:43.866 [main] INFO  - Product found in the row 1Sony xperia z5
11:59:45.157 [main] INFO  - Checking order details ......
12:06:46.553 [main] INFO  -  Before Driver is initialize in the hooks..........
12:06:46.556 [main] INFO  - Driver initialized in Hooks successfully: ChromeDriver: chrome on windows (db53e2162cc15977482ca68650bc4422)
12:06:46.556 [main] INFO  - App URL From Propertieshttps://www.demoblaze.com/index.html
12:06:48.020 [main] INFO  -  Navigating to URL .........
12:06:48.125 [main] INFO  -  Before hooks setup completed..........
12:06:48.430 [main] INFO  - The Page is loaded completely and Logo is displayed true
12:06:51.459 [main] INFO  - Alert found...
12:06:53.837 [main] INFO  - Alert found...
12:06:56.373 [main] INFO  - Product found in the row 1Samsung galaxy s7
12:06:57.622 [main] INFO  - Checking order details ......
12:12:39.619 [main] INFO  -  Before Driver is initialize in the hooks..........
12:12:39.624 [main] INFO  - Driver initialized in Hooks successfully: ChromeDriver: chrome on windows (7a6c9556a6e808fc5f281672bbd9f510)
12:12:39.624 [main] INFO  - App URL From Propertieshttps://www.demoblaze.com/index.html
12:12:41.237 [main] INFO  -  Navigating to URL .........
12:12:41.280 [main] INFO  -  Before hooks setup completed..........
12:12:41.521 [main] INFO  - The Page is loaded completely and Logo is displayed true
