09:48:41.679 [main] INFO  -  Before Driver is initialize in the hooks..........
09:48:41.679 [main] INFO  - Driver initialized in Hooks successfully: ChromeDriver: chrome on windows (d1849dce66a51db02c10eff280e21209)
09:48:41.679 [main] INFO  - App URL From Propertieshttps://www.demoblaze.com/index.html
09:48:43.040 [main] INFO  -  Navigating to URL .........
09:48:43.097 [main] INFO  -  Before hooks setup completed..........
09:48:43.297 [main] INFO  - The Page is loaded completely and Logo is displayed true
09:48:46.190 [main] INFO  - Alert found...
09:48:47.989 [main] INFO  - Product found in raw1Sony xperia z5
09:48:47.989 [main] INFO  - Product found in the cartSony xperia z5
09:48:49.794 [main] INFO  -  Before Driver is initialize in the hooks..........
09:48:49.794 [main] INFO  - Driver initialized in Hooks successfully: ChromeDriver: chrome on windows (c8fa548829c49320ba64eb92789b2370)
09:48:49.794 [main] INFO  - App URL From Propertieshttps://www.demoblaze.com/index.html
09:48:51.334 [main] INFO  -  Navigating to URL .........
09:48:51.399 [main] INFO  -  Before hooks setup completed..........
09:48:51.516 [main] INFO  - The Page is loaded completely and Logo is displayed true
09:48:56.873 [main] INFO  - Alert found...
09:48:58.756 [main] INFO  - Product found in raw1Samsung galaxy s6
09:48:58.756 [main] INFO  - Product found in the cartSamsung galaxy s6
09:49:01.135 [main] INFO  -  Before Driver is initialize in the hooks..........
09:49:01.143 [main] INFO  - Driver initialized in Hooks successfully: ChromeDriver: chrome on windows (8e91440bb4676a2cb18a4a09c1cb412f)
09:49:01.145 [main] INFO  - App URL From Propertieshttps://www.demoblaze.com/index.html
09:49:02.690 [main] INFO  -  Navigating to URL .........
09:49:02.770 [main] INFO  -  Before hooks setup completed..........
09:49:02.850 [main] INFO  - The Page is loaded completely and Logo is displayed true
09:49:06.112 [main] INFO  - Alert found...
09:49:08.275 [main] INFO  - Product found in raw1Sony xperia z5
09:49:08.275 [main] INFO  - Product found in the cartSony xperia z5
09:49:08.334 [main] INFO  - Product found in the cart with correct price Sony xperia z5 320
09:49:10.228 [main] INFO  -  Before Driver is initialize in the hooks..........
09:49:10.228 [main] INFO  - Driver initialized in Hooks successfully: ChromeDriver: chrome on windows (95b8a341872686e48ec6ff669d6a78e5)
09:49:10.228 [main] INFO  - App URL From Propertieshttps://www.demoblaze.com/index.html
09:49:10.758 [main] INFO  -  Navigating to URL .........
09:49:11.729 [main] INFO  -  Before hooks setup completed..........
09:49:11.804 [main] INFO  - The Page is loaded completely and Logo is displayed true
09:49:14.950 [main] INFO  - Alert found...
09:49:17.397 [main] INFO  -  Before Driver is initialize in the hooks..........
09:49:17.397 [main] INFO  - Driver initialized in Hooks successfully: ChromeDriver: chrome on windows (e61ce307e433af41024f1d91c8dd6d7d)
09:49:17.397 [main] INFO  - App URL From Propertieshttps://www.demoblaze.com/index.html
09:49:17.921 [main] INFO  -  Navigating to URL .........
09:49:18.835 [main] INFO  -  Before hooks setup completed..........
09:49:18.909 [main] INFO  - The Page is loaded completely and Logo is displayed true
09:49:22.042 [main] INFO  - Alert found...
09:50:57.390 [main] INFO  -  Before Driver is initialize in the hooks..........
09:50:57.393 [main] INFO  - Driver initialized in Hooks successfully: ChromeDriver: chrome on windows (6b6581e805a242e65ef76746d67ede2f)
09:50:57.393 [main] INFO  - App URL From Propertieshttps://www.demoblaze.com/index.html
09:50:59.166 [main] INFO  -  Navigating to URL .........
09:50:59.207 [main] INFO  -  Before hooks setup completed..........
09:50:59.404 [main] INFO  - The Page is loaded completely and Logo is displayed true
09:51:02.885 [main] INFO  - Alert found...
09:51:05.114 [main] INFO  - Product found in raw1Sony xperia z5
09:51:05.114 [main] INFO  - Product found in the cartSony xperia z5
09:51:07.199 [main] INFO  -  Before Driver is initialize in the hooks..........
09:51:07.199 [main] INFO  - Driver initialized in Hooks successfully: ChromeDriver: chrome on windows (e52a625e76d04bf59d427849b34e0f28)
09:51:07.199 [main] INFO  - App URL From Propertieshttps://www.demoblaze.com/index.html
09:51:08.452 [main] INFO  -  Navigating to URL .........
09:51:08.492 [main] INFO  -  Before hooks setup completed..........
09:51:08.558 [main] INFO  - The Page is loaded completely and Logo is displayed true
09:51:14.021 [main] INFO  - Alert found...
09:51:15.962 [main] INFO  - Product found in raw1Samsung galaxy s6
09:51:15.962 [main] INFO  - Product found in the cartSamsung galaxy s6
09:51:17.652 [main] INFO  -  Before Driver is initialize in the hooks..........
09:51:17.652 [main] INFO  - Driver initialized in Hooks successfully: ChromeDriver: chrome on windows (26aed43f6046e67023462d1add045d78)
09:51:17.652 [main] INFO  - App URL From Propertieshttps://www.demoblaze.com/index.html
09:51:19.298 [main] INFO  -  Navigating to URL .........
09:51:19.325 [main] INFO  -  Before hooks setup completed..........
09:51:19.454 [main] INFO  - The Page is loaded completely and Logo is displayed true
09:51:22.604 [main] INFO  - Alert found...
09:51:24.691 [main] INFO  - Product found in raw1Sony xperia z5
09:51:24.691 [main] INFO  - Product found in the cartSony xperia z5
09:51:24.740 [main] INFO  - Product found in the cart with correct price Sony xperia z5 320
09:51:26.390 [main] INFO  -  Before Driver is initialize in the hooks..........
09:51:26.390 [main] INFO  - Driver initialized in Hooks successfully: ChromeDriver: chrome on windows (257603b7effae632b0bf5a12119dedd4)
09:51:26.390 [main] INFO  - App URL From Propertieshttps://www.demoblaze.com/index.html
09:51:27.701 [main] INFO  -  Navigating to URL .........
09:51:27.734 [main] INFO  -  Before hooks setup completed..........
09:51:27.861 [main] INFO  - The Page is loaded completely and Logo is displayed true
09:51:30.895 [main] INFO  - Alert found...
09:51:32.815 [main] INFO  -  Before Driver is initialize in the hooks..........
09:51:32.815 [main] INFO  - Driver initialized in Hooks successfully: ChromeDriver: chrome on windows (89f7c2cda5d4858ed0c76da87b78a4b3)
09:51:32.815 [main] INFO  - App URL From Propertieshttps://www.demoblaze.com/index.html
09:51:34.375 [main] INFO  -  Navigating to URL .........
09:51:34.416 [main] INFO  -  Before hooks setup completed..........
09:51:34.521 [main] INFO  - The Page is loaded completely and Logo is displayed true
09:51:37.660 [main] INFO  - Alert found...
09:56:55.716 [main] INFO  -  Before Driver is initialize in the hooks..........
09:56:55.719 [main] INFO  - Driver initialized in Hooks successfully: ChromeDriver: chrome on windows (1e94af38cd6b23373581e07c28d0f3c3)
09:56:55.719 [main] INFO  - App URL From Propertieshttps://www.demoblaze.com/index.html
09:56:57.094 [main] INFO  -  Navigating to URL .........
09:56:57.158 [main] INFO  -  Before hooks setup completed..........
09:56:57.338 [main] INFO  - The Page is loaded completely and Logo is displayed true
09:57:00.347 [main] INFO  - Alert found...
09:57:02.141 [main] INFO  - Product found in raw1Sony xperia z5
09:57:02.141 [main] INFO  - Product found in the cartSony xperia z5
09:57:04.245 [main] INFO  -  Before Driver is initialize in the hooks..........
09:57:04.245 [main] INFO  - Driver initialized in Hooks successfully: ChromeDriver: chrome on windows (15406660f9b70b8fe8e7339b3c66857b)
09:57:04.245 [main] INFO  - App URL From Propertieshttps://www.demoblaze.com/index.html
09:57:05.702 [main] INFO  -  Navigating to URL .........
09:57:05.772 [main] INFO  -  Before hooks setup completed..........
09:57:05.878 [main] INFO  - The Page is loaded completely and Logo is displayed true
09:57:11.360 [main] INFO  - Alert found...
09:57:13.293 [main] INFO  - Product found in raw1Samsung galaxy s6
09:57:13.293 [main] INFO  - Product found in the cartSamsung galaxy s6
09:57:15.018 [main] INFO  -  Before Driver is initialize in the hooks..........
09:57:15.018 [main] INFO  - Driver initialized in Hooks successfully: ChromeDriver: chrome on windows (832bf6a90533d8b83423fc81eb5094dc)
09:57:15.019 [main] INFO  - App URL From Propertieshttps://www.demoblaze.com/index.html
09:57:16.372 [main] INFO  -  Navigating to URL .........
09:57:16.450 [main] INFO  -  Before hooks setup completed..........
09:57:16.536 [main] INFO  - The Page is loaded completely and Logo is displayed true
09:57:19.640 [main] INFO  - Alert found...
09:57:21.562 [main] INFO  - Product found in raw1Sony xperia z5
09:57:21.562 [main] INFO  - Product found in the cartSony xperia z5
09:57:21.619 [main] INFO  - Product found in the cart with correct price Sony xperia z5 320
09:57:23.391 [main] INFO  -  Before Driver is initialize in the hooks..........
09:57:23.391 [main] INFO  - Driver initialized in Hooks successfully: ChromeDriver: chrome on windows (2034407219b5a7e40c8df6d7469c259c)
09:57:23.391 [main] INFO  - App URL From Propertieshttps://www.demoblaze.com/index.html
09:57:24.877 [main] INFO  -  Navigating to URL .........
09:57:24.939 [main] INFO  -  Before hooks setup completed..........
09:57:25.035 [main] INFO  - The Page is loaded completely and Logo is displayed true
09:57:28.034 [main] INFO  - Alert found...
09:57:29.965 [main] INFO  -  Before Driver is initialize in the hooks..........
09:57:29.965 [main] INFO  - Driver initialized in Hooks successfully: ChromeDriver: chrome on windows (0c3a558351dfd3ecea5bfc6797cc2b1f)
09:57:29.965 [main] INFO  - App URL From Propertieshttps://www.demoblaze.com/index.html
09:57:30.988 [main] INFO  -  Navigating to URL .........
09:57:31.014 [main] INFO  -  Before hooks setup completed..........
09:57:31.082 [main] INFO  - The Page is loaded completely and Logo is displayed true
09:57:34.398 [main] INFO  - Alert found...
09:59:40.725 [main] INFO  -  Before Driver is initialize in the hooks..........
09:59:40.728 [main] INFO  - Driver initialized in Hooks successfully: ChromeDriver: chrome on windows (0c9a7c9843189aba14451283b74a9c09)
09:59:40.728 [main] INFO  - App URL From Propertieshttps://www.demoblaze.com/index.html
09:59:42.127 [main] INFO  -  Navigating to URL .........
09:59:42.216 [main] INFO  -  Before hooks setup completed..........
09:59:42.410 [main] INFO  - The Page is loaded completely and Logo is displayed true
09:59:45.448 [main] INFO  - Alert found...
09:59:47.297 [main] INFO  - Product found in raw1Sony xperia z5
09:59:47.297 [main] INFO  - Product found in the cartSony xperia z5
09:59:49.359 [main] INFO  -  Before Driver is initialize in the hooks..........
09:59:49.359 [main] INFO  - Driver initialized in Hooks successfully: ChromeDriver: chrome on windows (b86d56e382a7dc635a74f8f3bc545013)
09:59:49.359 [main] INFO  - App URL From Propertieshttps://www.demoblaze.com/index.html
09:59:50.639 [main] INFO  -  Navigating to URL .........
09:59:50.680 [main] INFO  -  Before hooks setup completed..........
09:59:50.735 [main] INFO  - The Page is loaded completely and Logo is displayed true
09:59:56.865 [main] INFO  - Alert found...
09:59:58.865 [main] INFO  - Product found in raw1Samsung galaxy s6
09:59:58.866 [main] INFO  - Product found in the cartSamsung galaxy s6
10:00:00.375 [main] INFO  -  Before Driver is initialize in the hooks..........
10:00:00.375 [main] INFO  - Driver initialized in Hooks successfully: ChromeDriver: chrome on windows (740866adbdce8938511819915591b2b0)
10:00:00.376 [main] INFO  - App URL From Propertieshttps://www.demoblaze.com/index.html
10:00:01.927 [main] INFO  -  Navigating to URL .........
10:00:02.008 [main] INFO  -  Before hooks setup completed..........
10:00:02.091 [main] INFO  - The Page is loaded completely and Logo is displayed true
10:00:05.245 [main] INFO  - Alert found...
10:00:07.193 [main] INFO  - Product found in raw1Sony xperia z5
10:00:07.193 [main] INFO  - Product found in the cartSony xperia z5
10:00:39.860 [main] INFO  -  Before Driver is initialize in the hooks..........
10:00:39.860 [main] INFO  - Driver initialized in Hooks successfully: ChromeDriver: chrome on windows (e46c5adce311fafb0a514256922893f0)
10:00:39.860 [main] INFO  - App URL From Propertieshttps://www.demoblaze.com/index.html
10:00:41.397 [main] INFO  -  Navigating to URL .........
10:00:41.467 [main] INFO  -  Before hooks setup completed..........
10:00:41.556 [main] INFO  - The Page is loaded completely and Logo is displayed true
10:00:44.589 [main] INFO  - Alert found...
10:00:46.422 [main] INFO  - Product found in the cart with correct price Sony xperia z5 320
10:00:47.636 [main] INFO  -  Before Driver is initialize in the hooks..........
10:00:47.636 [main] INFO  - Driver initialized in Hooks successfully: ChromeDriver: chrome on windows (f03cbb4de90fdd65c50639c33e0123cd)
10:00:47.636 [main] INFO  - App URL From Propertieshttps://www.demoblaze.com/index.html
10:00:48.912 [main] INFO  -  Navigating to URL .........
10:00:48.952 [main] INFO  -  Before hooks setup completed..........
10:00:49.056 [main] INFO  - The Page is loaded completely and Logo is displayed true
10:00:52.097 [main] INFO  - Alert found...
10:10:06.417 [main] INFO  -  Before Driver is initialize in the hooks..........
10:10:06.417 [main] INFO  - Driver initialized in Hooks successfully: ChromeDriver: chrome on windows (65279def7d5f52ef2fbb6e4ba803f841)
10:10:06.417 [main] INFO  - App URL From Propertieshttps://www.demoblaze.com/index.html
10:10:07.887 [main] INFO  -  Navigating to URL .........
10:10:07.986 [main] INFO  -  Before hooks setup completed..........
10:10:08.163 [main] INFO  - The Page is loaded completely and Logo is displayed true
10:10:11.180 [main] INFO  - Alert found...
10:10:13.209 [main] INFO  - Product found in raw1Sony xperia z5
10:10:13.209 [main] INFO  - Product found in the cartSony xperia z5
10:10:15.578 [main] INFO  -  Before Driver is initialize in the hooks..........
10:10:15.578 [main] INFO  - Driver initialized in Hooks successfully: ChromeDriver: chrome on windows (c873742faf615400d525065370d8b18f)
10:10:15.578 [main] INFO  - App URL From Propertieshttps://www.demoblaze.com/index.html
10:10:16.768 [main] INFO  -  Navigating to URL .........
10:10:16.819 [main] INFO  -  Before hooks setup completed..........
10:10:16.911 [main] INFO  - The Page is loaded completely and Logo is displayed true
10:10:23.001 [main] INFO  - Alert found...
10:10:24.863 [main] INFO  - Product found in raw1Samsung galaxy s6
10:10:24.863 [main] INFO  - Product found in the cartSamsung galaxy s6
10:10:27.195 [main] INFO  -  Before Driver is initialize in the hooks..........
10:10:27.195 [main] INFO  - Driver initialized in Hooks successfully: ChromeDriver: chrome on windows (35f61dcb73da502e3db5d0972f5b5d42)
10:10:27.195 [main] INFO  - App URL From Propertieshttps://www.demoblaze.com/index.html
10:10:28.974 [main] INFO  -  Navigating to URL .........
10:10:29.014 [main] INFO  -  Before hooks setup completed..........
10:10:29.093 [main] INFO  - The Page is loaded completely and Logo is displayed true
10:10:32.220 [main] INFO  - Alert found...
10:10:34.370 [main] INFO  - Product found in raw1Sony xperia z5
10:10:34.370 [main] INFO  - Product found in the cartSony xperia z5
10:10:34.523 [main] INFO  - Product found in the cart with correct price Sony xperia z5 320
10:10:36.653 [main] INFO  -  Before Driver is initialize in the hooks..........
10:10:36.653 [main] INFO  - Driver initialized in Hooks successfully: ChromeDriver: chrome on windows (2a2732ade8c19bccda062bd8bff66daa)
10:10:36.653 [main] INFO  - App URL From Propertieshttps://www.demoblaze.com/index.html
10:10:38.048 [main] INFO  -  Navigating to URL .........
10:10:38.086 [main] INFO  -  Before hooks setup completed..........
10:10:38.170 [main] INFO  - The Page is loaded completely and Logo is displayed true
10:10:41.329 [main] INFO  - Alert found...
10:10:43.378 [main] INFO  - Product found in the cart with correct price Sony xperia z5 320
10:10:45.688 [main] INFO  -  Before Driver is initialize in the hooks..........
10:10:45.689 [main] INFO  - Driver initialized in Hooks successfully: ChromeDriver: chrome on windows (9969feb2ab9ba3c82fe94246b24e4774)
10:10:45.689 [main] INFO  - App URL From Propertieshttps://www.demoblaze.com/index.html
10:10:47.001 [main] INFO  -  Navigating to URL .........
10:10:47.037 [main] INFO  -  Before hooks setup completed..........
10:10:47.117 [main] INFO  - The Page is loaded completely and Logo is displayed true
10:10:50.375 [main] INFO  - Alert found...
10:42:37.053 [main] INFO  -  Before Driver is initialize in the hooks..........
10:42:37.054 [main] INFO  - Driver initialized in Hooks successfully: ChromeDriver: chrome on windows (c2320330aa8d38bb01edf19e61a4c090)
10:42:37.054 [main] INFO  - App URL From Propertieshttps://www.demoblaze.com/index.html
10:42:37.550 [main] INFO  -  Navigating to URL .........
10:42:38.673 [main] INFO  -  Before hooks setup completed..........
10:42:38.848 [main] INFO  - The Page is loaded completely and Logo is displayed true
10:42:42.005 [main] INFO  - Alert found...
10:42:44.070 [main] INFO  - Product found in raw1Sony xperia z5
10:42:44.070 [main] INFO  - Product found in the cartSony xperia z5
10:42:45.999 [main] INFO  -  Before Driver is initialize in the hooks..........
10:42:45.999 [main] INFO  - Driver initialized in Hooks successfully: ChromeDriver: chrome on windows (ee8b6946695dfbf78a79a08692193564)
10:42:45.999 [main] INFO  - App URL From Propertieshttps://www.demoblaze.com/index.html
10:42:47.563 [main] INFO  -  Navigating to URL .........
10:42:47.610 [main] INFO  -  Before hooks setup completed..........
10:42:47.676 [main] INFO  - The Page is loaded completely and Logo is displayed true
10:42:53.971 [main] INFO  - Alert found...
10:42:55.930 [main] INFO  - Product found in raw1Samsung galaxy s6
10:42:55.930 [main] INFO  - Product found in the cartSamsung galaxy s6
10:42:57.493 [main] INFO  -  Before Driver is initialize in the hooks..........
10:42:57.494 [main] INFO  - Driver initialized in Hooks successfully: ChromeDriver: chrome on windows (7296fcb8f12962cbfb6229851bf328ee)
10:42:57.494 [main] INFO  - App URL From Propertieshttps://www.demoblaze.com/index.html
10:42:59.028 [main] INFO  -  Navigating to URL .........
10:42:59.078 [main] INFO  -  Before hooks setup completed..........
10:42:59.166 [main] INFO  - The Page is loaded completely and Logo is displayed true
10:43:02.168 [main] INFO  - Alert found...
10:43:03.900 [main] INFO  - Product found in raw1Sony xperia z5
10:43:03.900 [main] INFO  - Product found in the cartSony xperia z5
10:43:04.052 [main] INFO  - Product found in the cart with correct price Sony xperia z5 320
10:43:05.631 [main] INFO  -  Before Driver is initialize in the hooks..........
10:43:05.631 [main] INFO  - Driver initialized in Hooks successfully: ChromeDriver: chrome on windows (c84c572981402360f121a0b61abf3a8d)
10:43:05.631 [main] INFO  - App URL From Propertieshttps://www.demoblaze.com/index.html
10:43:07.054 [main] INFO  -  Navigating to URL .........
10:43:07.129 [main] INFO  -  Before hooks setup completed..........
10:43:07.226 [main] INFO  - The Page is loaded completely and Logo is displayed true
10:43:10.066 [main] INFO  - Alert found...
10:43:12.132 [main] INFO  - Product found in the cart with correct price Sony xperia z5 320
10:43:13.567 [main] INFO  -  Before Driver is initialize in the hooks..........
10:43:13.567 [main] INFO  - Driver initialized in Hooks successfully: ChromeDriver: chrome on windows (c812f8959aaf8aa218365a468a74c58b)
10:43:13.567 [main] INFO  - App URL From Propertieshttps://www.demoblaze.com/index.html
10:43:14.993 [main] INFO  -  Navigating to URL .........
10:43:15.029 [main] INFO  -  Before hooks setup completed..........
10:43:15.097 [main] INFO  - The Page is loaded completely and Logo is displayed true
10:43:18.478 [main] INFO  - Alert found...
10:43:30.953 [main] INFO  - Timeout waiting for text to disappear: Sony xperia z5
11:12:06.161 [main] INFO  -  Before Driver is initialize in the hooks..........
11:12:06.161 [main] INFO  - Driver initialized in Hooks successfully: ChromeDriver: chrome on windows (688a2c1a7a2a324a311571cd380274b3)
11:12:06.161 [main] INFO  - App URL From Propertieshttps://www.demoblaze.com/index.html
11:12:07.500 [main] INFO  -  Navigating to URL .........
11:12:07.542 [main] INFO  -  Before hooks setup completed..........
11:12:07.710 [main] INFO  - The Page is loaded completely and Logo is displayed true
11:12:11.116 [main] INFO  - Alert found...
11:12:13.250 [main] INFO  - Product found in raw1Sony xperia z5
11:12:13.250 [main] INFO  - Product found in the cartSony xperia z5
11:12:14.996 [main] INFO  -  Before Driver is initialize in the hooks..........
11:12:14.997 [main] INFO  - Driver initialized in Hooks successfully: ChromeDriver: chrome on windows (8f0d8f49c94d7843f935ea6a03749dc6)
11:12:14.997 [main] INFO  - App URL From Propertieshttps://www.demoblaze.com/index.html
11:12:16.750 [main] INFO  -  Navigating to URL .........
11:12:16.830 [main] INFO  -  Before hooks setup completed..........
11:12:16.930 [main] INFO  - The Page is loaded completely and Logo is displayed true
11:12:22.885 [main] INFO  - Alert found...
11:12:24.714 [main] INFO  - Product found in raw1Samsung galaxy s6
11:12:24.714 [main] INFO  - Product found in the cartSamsung galaxy s6
11:12:26.977 [main] INFO  -  Before Driver is initialize in the hooks..........
11:12:26.977 [main] INFO  - Driver initialized in Hooks successfully: ChromeDriver: chrome on windows (f67e4ee3c56fff4f8054417b3b251cf7)
11:12:26.977 [main] INFO  - App URL From Propertieshttps://www.demoblaze.com/index.html
11:12:28.052 [main] INFO  -  Navigating to URL .........
11:12:28.083 [main] INFO  -  Before hooks setup completed..........
11:12:28.149 [main] INFO  - The Page is loaded completely and Logo is displayed true
11:12:31.510 [main] INFO  - Alert found...
11:12:33.655 [main] INFO  - Product found in raw1Sony xperia z5
11:12:33.655 [main] INFO  - Product found in the cartSony xperia z5
11:12:33.807 [main] INFO  - Product found in the cart with correct price Sony xperia z5 320
11:12:36.161 [main] INFO  -  Before Driver is initialize in the hooks..........
11:12:36.161 [main] INFO  - Driver initialized in Hooks successfully: ChromeDriver: chrome on windows (16e5f1f52eda21ee70bb7b3d82c9e954)
11:12:36.161 [main] INFO  - App URL From Propertieshttps://www.demoblaze.com/index.html
11:12:37.509 [main] INFO  -  Navigating to URL .........
11:12:37.533 [main] INFO  -  Before hooks setup completed..........
11:12:37.669 [main] INFO  - The Page is loaded completely and Logo is displayed true
11:12:40.635 [main] INFO  - Alert found...
11:12:42.717 [main] INFO  - Product found in the cart with correct price Sony xperia z5 320
11:12:45.085 [main] INFO  -  Before Driver is initialize in the hooks..........
11:12:45.085 [main] INFO  - Driver initialized in Hooks successfully: ChromeDriver: chrome on windows (cac7cf587e00ef50c00e5ffe2755f984)
11:12:45.085 [main] INFO  - App URL From Propertieshttps://www.demoblaze.com/index.html
11:12:46.242 [main] INFO  -  Navigating to URL .........
11:12:46.264 [main] INFO  -  Before hooks setup completed..........
11:12:46.339 [main] INFO  - The Page is loaded completely and Logo is displayed true
11:12:49.646 [main] INFO  - Alert found...
11:14:55.669 [main] INFO  -  Before Driver is initialize in the hooks..........
11:14:55.669 [main] INFO  - Driver initialized in Hooks successfully: ChromeDriver: chrome on windows (598991ff2dca7dbfcacbc96a090169be)
11:14:55.669 [main] INFO  - App URL From Propertieshttps://www.demoblaze.com/index.html
11:14:56.121 [main] INFO  -  Navigating to URL .........
11:14:57.043 [main] INFO  -  Before hooks setup completed..........
11:14:57.177 [main] INFO  - The Page is loaded completely and Logo is displayed true
11:15:00.424 [main] INFO  - Alert found...
11:15:02.418 [main] INFO  - Product found in raw1Sony xperia z5
11:15:02.418 [main] INFO  - Product found in the cartSony xperia z5
11:15:04.847 [main] INFO  -  Before Driver is initialize in the hooks..........
11:15:04.847 [main] INFO  - Driver initialized in Hooks successfully: ChromeDriver: chrome on windows (d6877b6aa429748672cdedd51bdcd6b6)
11:15:04.847 [main] INFO  - App URL From Propertieshttps://www.demoblaze.com/index.html
11:15:05.937 [main] INFO  -  Navigating to URL .........
11:15:05.978 [main] INFO  -  Before hooks setup completed..........
11:15:06.049 [main] INFO  - The Page is loaded completely and Logo is displayed true
11:15:12.318 [main] INFO  - Alert found...
11:15:14.173 [main] INFO  - Product found in raw1Samsung galaxy s6
11:15:14.173 [main] INFO  - Product found in the cartSamsung galaxy s6
11:15:16.742 [main] INFO  -  Before Driver is initialize in the hooks..........
11:15:16.742 [main] INFO  - Driver initialized in Hooks successfully: ChromeDriver: chrome on windows (5d982a91b31b29f2da4159b321114ef6)
11:15:16.742 [main] INFO  - App URL From Propertieshttps://www.demoblaze.com/index.html
11:15:16.983 [main] INFO  -  Navigating to URL .........
11:15:17.795 [main] INFO  -  Before hooks setup completed..........
11:15:17.918 [main] INFO  - The Page is loaded completely and Logo is displayed true
11:15:21.014 [main] INFO  - Alert found...
11:15:23.083 [main] INFO  - Product found in raw1Sony xperia z5
11:15:23.083 [main] INFO  - Product found in the cartSony xperia z5
11:15:23.251 [main] INFO  - Product found in the cart with correct price Sony xperia z5 320
11:15:25.606 [main] INFO  -  Before Driver is initialize in the hooks..........
11:15:25.606 [main] INFO  - Driver initialized in Hooks successfully: ChromeDriver: chrome on windows (15c9f6ad6c1824d3849ff80218d654a1)
11:15:25.606 [main] INFO  - App URL From Propertieshttps://www.demoblaze.com/index.html
11:15:26.825 [main] INFO  -  Navigating to URL .........
11:15:26.908 [main] INFO  -  Before hooks setup completed..........
11:15:26.999 [main] INFO  - The Page is loaded completely and Logo is displayed true
11:15:30.321 [main] INFO  - Alert found...
11:15:32.237 [main] INFO  - Product found in the cart with correct price Sony xperia z5 320
11:15:34.537 [main] INFO  -  Before Driver is initialize in the hooks..........
11:15:34.537 [main] INFO  - Driver initialized in Hooks successfully: ChromeDriver: chrome on windows (bc096ed3ab0dc4ae15d96abc462a7695)
11:15:34.538 [main] INFO  - App URL From Propertieshttps://www.demoblaze.com/index.html
11:15:35.709 [main] INFO  -  Navigating to URL .........
11:15:35.749 [main] INFO  -  Before hooks setup completed..........
11:15:35.830 [main] INFO  - The Page is loaded completely and Logo is displayed true
11:15:39.099 [main] INFO  - Alert found...
11:18:14.966 [main] INFO  -  Before Driver is initialize in the hooks..........
11:18:14.969 [main] INFO  - Driver initialized in Hooks successfully: ChromeDriver: chrome on windows (1e06943111f7269363b4b82f6adae928)
11:18:14.969 [main] INFO  - App URL From Propertieshttps://www.demoblaze.com/index.html
11:18:16.290 [main] INFO  -  Navigating to URL .........
11:18:16.335 [main] INFO  -  Before hooks setup completed..........
11:18:16.545 [main] INFO  - The Page is loaded completely and Logo is displayed true
11:18:19.702 [main] INFO  - Alert found...
11:18:21.603 [main] INFO  - Product found in raw1Sony xperia z5
11:18:21.603 [main] INFO  - Product found in the cartSony xperia z5
11:18:24.189 [main] INFO  -  Before Driver is initialize in the hooks..........
11:18:24.189 [main] INFO  - Driver initialized in Hooks successfully: ChromeDriver: chrome on windows (4a02cad693b0f28e7a140ec8186dbfbd)
11:18:24.189 [main] INFO  - App URL From Propertieshttps://www.demoblaze.com/index.html
11:18:25.165 [main] INFO  -  Navigating to URL .........
11:18:25.200 [main] INFO  -  Before hooks setup completed..........
11:18:25.291 [main] INFO  - The Page is loaded completely and Logo is displayed true
11:18:31.736 [main] INFO  - Alert found...
11:18:33.808 [main] INFO  - Product found in raw1Samsung galaxy s6
11:18:33.808 [main] INFO  - Product found in the cartSamsung galaxy s6
11:18:36.057 [main] INFO  -  Before Driver is initialize in the hooks..........
11:18:36.057 [main] INFO  - Driver initialized in Hooks successfully: ChromeDriver: chrome on windows (3fbbf9484f86143686ea435c15e8fc04)
11:18:36.057 [main] INFO  - App URL From Propertieshttps://www.demoblaze.com/index.html
11:18:37.402 [main] INFO  -  Navigating to URL .........
11:18:37.437 [main] INFO  -  Before hooks setup completed..........
11:18:37.498 [main] INFO  - The Page is loaded completely and Logo is displayed true
11:18:40.679 [main] INFO  - Alert found...
11:18:42.606 [main] INFO  - Product found in raw1Sony xperia z5
11:18:42.606 [main] INFO  - Product found in the cartSony xperia z5
11:18:42.752 [main] INFO  - Product found in the cart with correct price Sony xperia z5 320
11:18:45.016 [main] INFO  -  Before Driver is initialize in the hooks..........
11:18:45.016 [main] INFO  - Driver initialized in Hooks successfully: ChromeDriver: chrome on windows (d0089b3f8822fe26f500fa7f932da1cc)
11:18:45.016 [main] INFO  - App URL From Propertieshttps://www.demoblaze.com/index.html
11:18:46.385 [main] INFO  -  Navigating to URL .........
11:18:46.420 [main] INFO  -  Before hooks setup completed..........
11:18:46.479 [main] INFO  - The Page is loaded completely and Logo is displayed true
11:18:49.708 [main] INFO  - Alert found...
11:18:51.668 [main] INFO  - Product found in the cart with correct price Sony xperia z5 320
11:18:53.743 [main] INFO  -  Before Driver is initialize in the hooks..........
11:18:53.744 [main] INFO  - Driver initialized in Hooks successfully: ChromeDriver: chrome on windows (83e2b9f0c4d02f60e2cad23c01a64fc7)
11:18:53.747 [main] INFO  - App URL From Propertieshttps://www.demoblaze.com/index.html
11:18:55.209 [main] INFO  -  Navigating to URL .........
11:18:55.249 [main] INFO  -  Before hooks setup completed..........
11:18:55.335 [main] INFO  - The Page is loaded completely and Logo is displayed true
11:18:58.373 [main] INFO  - Alert found...
11:20:45.341 [main] INFO  -  Before Driver is initialize in the hooks..........
11:20:45.341 [main] INFO  - Driver initialized in Hooks successfully: ChromeDriver: chrome on windows (675e9a482e2af1d2bd7ca117f822de78)
11:20:45.341 [main] INFO  - App URL From Propertieshttps://www.demoblaze.com/index.html
11:20:46.757 [main] INFO  -  Navigating to URL .........
11:20:46.823 [main] INFO  -  Before hooks setup completed..........
11:20:47.035 [main] INFO  - The Page is loaded completely and Logo is displayed true
11:20:50.178 [main] INFO  - Alert found...
11:20:52.261 [main] INFO  - Product found in raw1Sony xperia z5
11:20:52.261 [main] INFO  - Product found in the cartSony xperia z5
11:20:54.523 [main] INFO  -  Before Driver is initialize in the hooks..........
11:20:54.523 [main] INFO  - Driver initialized in Hooks successfully: ChromeDriver: chrome on windows (6b54020bf5d364a5c5cad4feb8a2d032)
11:20:54.523 [main] INFO  - App URL From Propertieshttps://www.demoblaze.com/index.html
11:20:55.829 [main] INFO  -  Navigating to URL .........
11:20:55.974 [main] INFO  -  Before hooks setup completed..........
11:20:56.057 [main] INFO  - The Page is loaded completely and Logo is displayed true
11:21:02.778 [main] INFO  - Alert found...
11:21:04.610 [main] INFO  - Product found in raw1Samsung galaxy s6
11:21:04.610 [main] INFO  - Product found in the cartSamsung galaxy s6
11:21:06.982 [main] INFO  -  Before Driver is initialize in the hooks..........
11:21:06.982 [main] INFO  - Driver initialized in Hooks successfully: ChromeDriver: chrome on windows (b51aaf9d8f6adee0e57a5f44be8f36e4)
11:21:06.982 [main] INFO  - App URL From Propertieshttps://www.demoblaze.com/index.html
11:21:08.445 [main] INFO  -  Navigating to URL .........
11:21:08.478 [main] INFO  -  Before hooks setup completed..........
11:21:08.607 [main] INFO  - The Page is loaded completely and Logo is displayed true
11:21:11.786 [main] INFO  - Alert found...
11:21:13.761 [main] INFO  - Product found in raw1Sony xperia z5
11:21:13.762 [main] INFO  - Product found in the cartSony xperia z5
11:21:13.914 [main] INFO  - Product found in the cart with correct price Sony xperia z5 320
11:21:15.932 [main] INFO  -  Before Driver is initialize in the hooks..........
11:21:15.932 [main] INFO  - Driver initialized in Hooks successfully: ChromeDriver: chrome on windows (a4e91ce4df1a14be656fcc687224e525)
11:21:15.932 [main] INFO  - App URL From Propertieshttps://www.demoblaze.com/index.html
11:21:17.397 [main] INFO  -  Navigating to URL .........
11:21:17.436 [main] INFO  -  Before hooks setup completed..........
11:21:17.496 [main] INFO  - The Page is loaded completely and Logo is displayed true
11:21:20.765 [main] INFO  - Alert found...
11:21:22.715 [main] INFO  - Product found in the cart with correct price Sony xperia z5 320
11:21:25.105 [main] INFO  -  Before Driver is initialize in the hooks..........
11:21:25.105 [main] INFO  - Driver initialized in Hooks successfully: ChromeDriver: chrome on windows (4b12e13209909eed8811d12cc4d104ae)
11:21:25.105 [main] INFO  - App URL From Propertieshttps://www.demoblaze.com/index.html
11:21:26.301 [main] INFO  -  Navigating to URL .........
11:21:26.356 [main] INFO  -  Before hooks setup completed..........
11:21:26.478 [main] INFO  - The Page is loaded completely and Logo is displayed true
11:21:29.487 [main] INFO  - Alert found...
11:25:44.856 [main] INFO  -  Before Driver is initialize in the hooks..........
11:25:44.859 [main] INFO  - Driver initialized in Hooks successfully: ChromeDriver: chrome on windows (dc3beab7c0a5be2cae1747b669c16dc5)
11:25:44.859 [main] INFO  - App URL From Propertieshttps://www.demoblaze.com/index.html
11:25:45.348 [main] INFO  -  Navigating to URL .........
11:25:46.364 [main] INFO  -  Before hooks setup completed..........
11:25:46.548 [main] INFO  - The Page is loaded completely and Logo is displayed true
11:25:49.736 [main] INFO  - Alert found...
11:25:51.784 [main] INFO  - Product found in raw1Sony xperia z5
11:25:51.795 [main] INFO  - Product found in the cartSony xperia z5
11:25:53.321 [main] INFO  -  Before Driver is initialize in the hooks..........
11:25:53.321 [main] INFO  - Driver initialized in Hooks successfully: ChromeDriver: chrome on windows (8f3916f8882a451a7fdfe1b34e5b33b9)
11:25:53.321 [main] INFO  - App URL From Propertieshttps://www.demoblaze.com/index.html
11:25:55.017 [main] INFO  -  Navigating to URL .........
11:25:55.100 [main] INFO  -  Before hooks setup completed..........
11:25:55.203 [main] INFO  - The Page is loaded completely and Logo is displayed true
11:26:01.269 [main] INFO  - Alert found...
11:26:03.130 [main] INFO  - Product found in raw1Samsung galaxy s6
11:26:03.130 [main] INFO  - Product found in the cartSamsung galaxy s6
11:26:05.259 [main] INFO  -  Before Driver is initialize in the hooks..........
11:26:05.259 [main] INFO  - Driver initialized in Hooks successfully: ChromeDriver: chrome on windows (ce4ca8bd6cea12051fc68a8eed179d12)
11:26:05.259 [main] INFO  - App URL From Propertieshttps://www.demoblaze.com/index.html
11:26:06.691 [main] INFO  -  Navigating to URL .........
11:26:06.731 [main] INFO  -  Before hooks setup completed..........
11:26:06.779 [main] INFO  - The Page is loaded completely and Logo is displayed true
11:26:10.155 [main] INFO  - Alert found...
11:26:12.423 [main] INFO  - Product found in raw1Sony xperia z5
11:26:12.423 [main] INFO  - Product found in the cartSony xperia z5
11:26:12.595 [main] INFO  - Product found in the cart with correct price Sony xperia z5 320
11:26:14.886 [main] INFO  -  Before Driver is initialize in the hooks..........
11:26:14.886 [main] INFO  - Driver initialized in Hooks successfully: ChromeDriver: chrome on windows (05e3249013ab185c8c47cff26fd3b922)
11:26:14.886 [main] INFO  - App URL From Propertieshttps://www.demoblaze.com/index.html
11:26:16.500 [main] INFO  -  Navigating to URL .........
11:26:16.564 [main] INFO  -  Before hooks setup completed..........
11:26:16.634 [main] INFO  - The Page is loaded completely and Logo is displayed true
11:26:19.681 [main] INFO  - Alert found...
11:26:21.610 [main] INFO  - Product found in the cart with correct price Sony xperia z5 320
11:26:23.896 [main] INFO  -  Before Driver is initialize in the hooks..........
11:26:23.896 [main] INFO  - Driver initialized in Hooks successfully: ChromeDriver: chrome on windows (89e1067731bcc1d1b28bdb7a74744dc5)
11:26:23.896 [main] INFO  - App URL From Propertieshttps://www.demoblaze.com/index.html
11:26:24.170 [main] INFO  -  Navigating to URL .........
11:26:25.128 [main] INFO  -  Before hooks setup completed..........
11:26:25.177 [main] INFO  - The Page is loaded completely and Logo is displayed true
11:26:28.263 [main] INFO  - Alert found...
11:48:20.975 [main] INFO  -  Before Driver is initialize in the hooks..........
11:48:20.977 [main] INFO  - Driver initialized in Hooks successfully: ChromeDriver: chrome on windows (50e00e118af88b921fbbae070ecb6592)
11:48:20.977 [main] INFO  - App URL From Propertieshttps://www.demoblaze.com/index.html
11:48:21.917 [main] INFO  -  Navigating to URL .........
11:48:21.951 [main] INFO  -  Before hooks setup completed..........
11:48:22.190 [main] INFO  - The Page is loaded completely and Logo is displayed true
11:48:25.436 [main] INFO  - Alert found...
11:48:27.134 [main] INFO  - Product found in raw1Sony xperia z5
11:48:27.134 [main] INFO  - Product found in the cartSony xperia z5
11:48:29.848 [main] INFO  -  Before Driver is initialize in the hooks..........
11:48:29.848 [main] INFO  - Driver initialized in Hooks successfully: ChromeDriver: chrome on windows (cf3222cc8756cd64723c648eec1c3f5e)
11:48:29.848 [main] INFO  - App URL From Propertieshttps://www.demoblaze.com/index.html
11:48:31.043 [main] INFO  -  Navigating to URL .........
11:48:31.080 [main] INFO  -  Before hooks setup completed..........
11:48:31.155 [main] INFO  - The Page is loaded completely and Logo is displayed true
11:48:36.252 [main] INFO  - Alert found...
11:48:38.049 [main] INFO  - Product found in raw1Samsung galaxy s6
11:48:38.049 [main] INFO  - Product found in the cartSamsung galaxy s6
11:48:40.089 [main] INFO  -  Before Driver is initialize in the hooks..........
11:48:40.089 [main] INFO  - Driver initialized in Hooks successfully: ChromeDriver: chrome on windows (9ea929784b1ce98c080382534e7a1ec6)
11:48:40.089 [main] INFO  - App URL From Propertieshttps://www.demoblaze.com/index.html
11:48:41.425 [main] INFO  -  Navigating to URL .........
11:48:41.461 [main] INFO  -  Before hooks setup completed..........
11:48:41.599 [main] INFO  - The Page is loaded completely and Logo is displayed true
11:48:44.754 [main] INFO  - Alert found...
11:48:46.614 [main] INFO  - Product found in raw1Sony xperia z5
11:48:46.614 [main] INFO  - Product found in the cartSony xperia z5
11:48:46.763 [main] INFO  - Product found in the cart with correct price Sony xperia z5 320
11:48:49.140 [main] INFO  -  Before Driver is initialize in the hooks..........
11:48:49.140 [main] INFO  - Driver initialized in Hooks successfully: ChromeDriver: chrome on windows (00c637ffc53cb52efcea70f63e948d37)
11:48:49.140 [main] INFO  - App URL From Propertieshttps://www.demoblaze.com/index.html
11:48:50.158 [main] INFO  -  Navigating to URL .........
11:48:50.192 [main] INFO  -  Before hooks setup completed..........
11:48:50.320 [main] INFO  - The Page is loaded completely and Logo is displayed true
11:48:53.540 [main] INFO  - Alert found...
11:48:55.406 [main] INFO  - Product found in the cart with correct price Sony xperia z5 320
11:48:57.471 [main] INFO  -  Before Driver is initialize in the hooks..........
11:48:57.471 [main] INFO  - Driver initialized in Hooks successfully: ChromeDriver: chrome on windows (fd27ba7400e5e406df801e38ff68225e)
11:48:57.471 [main] INFO  - App URL From Propertieshttps://www.demoblaze.com/index.html
11:48:58.771 [main] INFO  -  Navigating to URL .........
11:48:58.825 [main] INFO  -  Before hooks setup completed..........
11:48:58.904 [main] INFO  - The Page is loaded completely and Logo is displayed true
11:49:02.467 [main] INFO  - Alert found...
11:56:42.873 [main] INFO  -  Before Driver is initialize in the hooks..........
11:56:42.876 [main] INFO  - Driver initialized in Hooks successfully: ChromeDriver: chrome on windows (9303a53252e6d07646ab2b04b0b61480)
11:56:42.876 [main] INFO  - App URL From Propertieshttps://www.demoblaze.com/index.html
11:56:43.825 [main] INFO  -  Navigating to URL .........
11:56:43.859 [main] INFO  -  Before hooks setup completed..........
11:56:44.061 [main] INFO  - The Page is loaded completely and Logo is displayed true
11:56:47.372 [main] INFO  - Alert found...
11:56:49.218 [main] INFO  - Product found in raw1Sony xperia z5
11:56:49.218 [main] INFO  - Product found in the cartSony xperia z5
11:56:51.493 [main] INFO  -  Before Driver is initialize in the hooks..........
11:56:51.493 [main] INFO  - Driver initialized in Hooks successfully: ChromeDriver: chrome on windows (2cbf46a0226549fee54e5b606fc4eeae)
11:56:51.493 [main] INFO  - App URL From Propertieshttps://www.demoblaze.com/index.html
11:56:52.613 [main] INFO  -  Navigating to URL .........
11:56:52.679 [main] INFO  -  Before hooks setup completed..........
11:56:52.760 [main] INFO  - The Page is loaded completely and Logo is displayed true
11:56:58.122 [main] INFO  - Alert found...
11:57:00.060 [main] INFO  - Product found in raw1Samsung galaxy s6
11:57:00.060 [main] INFO  - Product found in the cartSamsung galaxy s6
11:57:02.733 [main] INFO  -  Before Driver is initialize in the hooks..........
11:57:02.733 [main] INFO  - Driver initialized in Hooks successfully: ChromeDriver: chrome on windows (338b1346b39f5911e008e3387e576a74)
11:57:02.733 [main] INFO  - App URL From Propertieshttps://www.demoblaze.com/index.html
11:57:03.897 [main] INFO  -  Navigating to URL .........
11:57:03.935 [main] INFO  -  Before hooks setup completed..........
11:57:04.051 [main] INFO  - The Page is loaded completely and Logo is displayed true
11:57:07.293 [main] INFO  - Alert found...
11:57:09.157 [main] INFO  - Product found in raw1Sony xperia z5
11:57:09.157 [main] INFO  - Product found in the cartSony xperia z5
11:57:09.304 [main] INFO  - Product found in the cart with correct price Sony xperia z5 320
11:57:11.502 [main] INFO  -  Before Driver is initialize in the hooks..........
11:57:11.504 [main] INFO  - Driver initialized in Hooks successfully: ChromeDriver: chrome on windows (e326cbadb06e4bb7a76fcb22c27ab108)
11:57:11.504 [main] INFO  - App URL From Propertieshttps://www.demoblaze.com/index.html
11:57:12.802 [main] INFO  -  Navigating to URL .........
11:57:12.844 [main] INFO  -  Before hooks setup completed..........
11:57:12.980 [main] INFO  - The Page is loaded completely and Logo is displayed true
11:57:15.873 [main] INFO  - Alert found...
11:57:17.569 [main] INFO  - Product found in the cart with correct price Sony xperia z5 320
11:57:19.881 [main] INFO  -  Before Driver is initialize in the hooks..........
11:57:19.881 [main] INFO  - Driver initialized in Hooks successfully: ChromeDriver: chrome on windows (61b36ff67fb27fc8ca228bc7778c7205)
11:57:19.881 [main] INFO  - App URL From Propertieshttps://www.demoblaze.com/index.html
11:57:20.235 [main] INFO  -  Navigating to URL .........
11:57:21.099 [main] INFO  -  Before hooks setup completed..........
11:57:21.143 [main] INFO  - The Page is loaded completely and Logo is displayed true
11:57:24.397 [main] INFO  - Alert found...
11:57:46.226 [main] INFO  - Delete button not found for: Sony xperia z5
12:13:19.967 [main] INFO  -  Before Driver is initialize in the hooks..........
12:13:19.967 [main] INFO  - Driver initialized in Hooks successfully: ChromeDriver: chrome on windows (9e54726e5c8d9c8ab32dc278a256e71a)
12:13:19.967 [main] INFO  - App URL From Propertieshttps://www.demoblaze.com/index.html
12:13:21.420 [main] INFO  -  Navigating to URL .........
12:13:21.539 [main] INFO  -  Before hooks setup completed..........
12:13:21.716 [main] INFO  - The Page is loaded completely and Logo is displayed true
12:13:24.616 [main] INFO  - Alert found...
12:13:26.546 [main] INFO  - Product found in raw1Sony xperia z5
12:13:26.546 [main] INFO  - Product found in the cartSony xperia z5
12:13:28.653 [main] INFO  -  Before Driver is initialize in the hooks..........
12:13:28.654 [main] INFO  - Driver initialized in Hooks successfully: ChromeDriver: chrome on windows (e18847417b486fe50ef3589dc87426be)
12:13:28.654 [main] INFO  - App URL From Propertieshttps://www.demoblaze.com/index.html
12:13:30.044 [main] INFO  -  Navigating to URL .........
12:13:30.123 [main] INFO  -  Before hooks setup completed..........
12:13:30.228 [main] INFO  - The Page is loaded completely and Logo is displayed true
12:13:35.604 [main] INFO  - Alert found...
12:13:37.502 [main] INFO  - Product found in raw1Samsung galaxy s6
12:13:37.502 [main] INFO  - Product found in the cartSamsung galaxy s6
12:13:39.278 [main] INFO  -  Before Driver is initialize in the hooks..........
12:13:39.278 [main] INFO  - Driver initialized in Hooks successfully: ChromeDriver: chrome on windows (f150b4de24a33f782358fe39066f8ccb)
12:13:39.278 [main] INFO  - App URL From Propertieshttps://www.demoblaze.com/index.html
12:13:40.698 [main] INFO  -  Navigating to URL .........
12:13:40.759 [main] INFO  -  Before hooks setup completed..........
12:13:40.873 [main] INFO  - The Page is loaded completely and Logo is displayed true
12:13:43.755 [main] INFO  - Alert found...
12:13:45.607 [main] INFO  - Product found in raw1Sony xperia z5
12:13:45.607 [main] INFO  - Product found in the cartSony xperia z5
12:13:45.769 [main] INFO  - Product found in the cart with correct price Sony xperia z5 320
12:13:47.671 [main] INFO  -  Before Driver is initialize in the hooks..........
12:13:47.671 [main] INFO  - Driver initialized in Hooks successfully: ChromeDriver: chrome on windows (557a888a36584a4eb4024ff8001e444e)
12:13:47.672 [main] INFO  - App URL From Propertieshttps://www.demoblaze.com/index.html
12:13:48.876 [main] INFO  -  Navigating to URL .........
12:13:48.911 [main] INFO  -  Before hooks setup completed..........
12:13:49.016 [main] INFO  - The Page is loaded completely and Logo is displayed true
12:13:52.119 [main] INFO  - Alert found...
12:13:54.041 [main] INFO  - Product found in the cart with correct price Sony xperia z5 320
12:13:55.602 [main] INFO  -  Before Driver is initialize in the hooks..........
12:13:55.602 [main] INFO  - Driver initialized in Hooks successfully: ChromeDriver: chrome on windows (69ccda36f14ecee61d846332bb4fda00)
12:13:55.602 [main] INFO  - App URL From Propertieshttps://www.demoblaze.com/index.html
12:13:56.106 [main] INFO  -  Navigating to URL .........
12:13:57.225 [main] INFO  -  Before hooks setup completed..........
12:13:57.287 [main] INFO  - The Page is loaded completely and Logo is displayed true
12:14:00.652 [main] INFO  - Alert found...
12:14:22.713 [main] INFO  - Delete button not found for: Sony xperia z5
12:17:37.345 [main] INFO  -  Before Driver is initialize in the hooks..........
12:17:37.347 [main] INFO  - Driver initialized in Hooks successfully: ChromeDriver: chrome on windows (bba8a1f7b098b9a530dcd21d8b064ac4)
12:17:37.347 [main] INFO  - App URL From Propertieshttps://www.demoblaze.com/index.html
12:17:38.697 [main] INFO  -  Navigating to URL .........
12:17:38.778 [main] INFO  -  Before hooks setup completed..........
12:17:38.963 [main] INFO  - The Page is loaded completely and Logo is displayed true
12:17:42.226 [main] INFO  - Alert found...
12:17:44.306 [main] INFO  - Product found in raw1Sony xperia z5
12:17:44.306 [main] INFO  - Product found in the cartSony xperia z5
12:17:46.516 [main] INFO  -  Before Driver is initialize in the hooks..........
12:17:46.516 [main] INFO  - Driver initialized in Hooks successfully: ChromeDriver: chrome on windows (f9c6fdd7ee93b95d2138c65280ce9939)
12:17:46.516 [main] INFO  - App URL From Propertieshttps://www.demoblaze.com/index.html
12:17:47.029 [main] INFO  -  Navigating to URL .........
12:17:48.144 [main] INFO  -  Before hooks setup completed..........
12:17:48.518 [main] INFO  - The Page is loaded completely and Logo is displayed true
12:17:54.951 [main] INFO  - Alert found...
12:17:56.774 [main] INFO  - Product found in raw1Samsung galaxy s6
12:17:56.775 [main] INFO  - Product found in the cartSamsung galaxy s6
12:17:58.341 [main] INFO  -  Before Driver is initialize in the hooks..........
12:17:58.341 [main] INFO  - Driver initialized in Hooks successfully: ChromeDriver: chrome on windows (b19127e2fbb292c3704086bed350bfc9)
12:17:58.341 [main] INFO  - App URL From Propertieshttps://www.demoblaze.com/index.html
12:17:59.592 [main] INFO  -  Navigating to URL .........
12:17:59.639 [main] INFO  -  Before hooks setup completed..........
12:17:59.723 [main] INFO  - The Page is loaded completely and Logo is displayed true
12:18:02.687 [main] INFO  - Alert found...
12:18:05.078 [main] INFO  - Product found in raw1Sony xperia z5
12:18:05.078 [main] INFO  - Product found in the cartSony xperia z5
12:18:05.224 [main] INFO  - Product found in the cart with correct price Sony xperia z5 320
12:18:06.894 [main] INFO  -  Before Driver is initialize in the hooks..........
12:18:06.894 [main] INFO  - Driver initialized in Hooks successfully: ChromeDriver: chrome on windows (f97ceefb854979d9164cf8d8f6b62479)
